{"/home/runner/work/gameinputjs/gameinputjs/src/axis-as-button.js": {"path":"/home/runner/work/gameinputjs/gameinputjs/src/axis-as-button.js","statementMap":{"0":{"start":{"line":37,"column":8},"end":{"line":37,"column":36}},"1":{"start":{"line":38,"column":8},"end":{"line":38,"column":68}},"2":{"start":{"line":40,"column":8},"end":{"line":41,"column":27}},"3":{"start":{"line":41,"column":12},"end":{"line":41,"column":27}},"4":{"start":{"line":42,"column":8},"end":{"line":42,"column":87}},"5":{"start":{"line":44,"column":8},"end":{"line":45,"column":24}},"6":{"start":{"line":45,"column":12},"end":{"line":45,"column":24}},"7":{"start":{"line":46,"column":8},"end":{"line":46,"column":85}},"8":{"start":{"line":55,"column":8},"end":{"line":58,"column":42}},"9":{"start":{"line":56,"column":12},"end":{"line":56,"column":42}},"10":{"start":{"line":57,"column":13},"end":{"line":58,"column":42}},"11":{"start":{"line":58,"column":12},"end":{"line":58,"column":42}},"12":{"start":{"line":59,"column":8},"end":{"line":59,"column":20}}},"fnMap":{"0":{"name":"(anonymous_0)","decl":{"start":{"line":36,"column":4},"end":{"line":36,"column":5}},"loc":{"start":{"line":36,"column":80},"end":{"line":47,"column":5}},"line":36},"1":{"name":"(anonymous_1)","decl":{"start":{"line":54,"column":4},"end":{"line":54,"column":5}},"loc":{"start":{"line":54,"column":17},"end":{"line":60,"column":5}},"line":54}},"branchMap":{"0":{"loc":{"start":{"line":36,"column":35},"end":{"line":36,"column":56}},"type":"default-arg","locations":[{"start":{"line":36,"column":47},"end":{"line":36,"column":56}}],"line":36},"1":{"loc":{"start":{"line":36,"column":58},"end":{"line":36,"column":78}},"type":"default-arg","locations":[{"start":{"line":36,"column":69},"end":{"line":36,"column":78}}],"line":36},"2":{"loc":{"start":{"line":38,"column":25},"end":{"line":38,"column":68}},"type":"cond-expr","locations":[{"start":{"line":38,"column":45},"end":{"line":38,"column":55}},{"start":{"line":38,"column":58},"end":{"line":38,"column":68}}],"line":38},"3":{"loc":{"start":{"line":40,"column":8},"end":{"line":41,"column":27}},"type":"if","locations":[{"start":{"line":40,"column":8},"end":{"line":41,"column":27}},{"start":{},"end":{}}],"line":40},"4":{"loc":{"start":{"line":42,"column":26},"end":{"line":42,"column":64}},"type":"cond-expr","locations":[{"start":{"line":42,"column":58},"end":{"line":42,"column":59}},{"start":{"line":42,"column":62},"end":{"line":42,"column":64}}],"line":42},"5":{"loc":{"start":{"line":44,"column":8},"end":{"line":45,"column":24}},"type":"if","locations":[{"start":{"line":44,"column":8},"end":{"line":45,"column":24}},{"start":{},"end":{}}],"line":44},"6":{"loc":{"start":{"line":46,"column":25},"end":{"line":46,"column":63}},"type":"cond-expr","locations":[{"start":{"line":46,"column":57},"end":{"line":46,"column":58}},{"start":{"line":46,"column":61},"end":{"line":46,"column":63}}],"line":46},"7":{"loc":{"start":{"line":55,"column":8},"end":{"line":58,"column":42}},"type":"if","locations":[{"start":{"line":55,"column":8},"end":{"line":58,"column":42}},{"start":{"line":57,"column":13},"end":{"line":58,"column":42}}],"line":55},"8":{"loc":{"start":{"line":57,"column":13},"end":{"line":58,"column":42}},"type":"if","locations":[{"start":{"line":57,"column":13},"end":{"line":58,"column":42}},{"start":{},"end":{}}],"line":57}},"s":{"0":866,"1":866,"2":866,"3":866,"4":866,"5":866,"6":866,"7":866,"8":0,"9":0,"10":0,"11":0,"12":0},"f":{"0":866,"1":0},"b":{"0":[866],"1":[866],"2":[372,494],"3":[866,0],"4":[494,372],"5":[866,0],"6":[494,372],"7":[0,0],"8":[0,0]},"_coverageSchema":"1a1c01bbd47fc00a2c39e90264f33305004495a9","hash":"4735b5fc00ee173c8f96fa37226597a42b7d683a"}
,"/home/runner/work/gameinputjs/gameinputjs/src/combined-axis-as-button.js": {"path":"/home/runner/work/gameinputjs/gameinputjs/src/combined-axis-as-button.js","statementMap":{"0":{"start":{"line":11,"column":19},"end":{"line":11,"column":39}},"1":{"start":{"line":12,"column":4},"end":{"line":12,"column":46}},"2":{"start":{"line":31,"column":8},"end":{"line":36,"column":18}},"3":{"start":{"line":53,"column":8},"end":{"line":53,"column":31}},"4":{"start":{"line":55,"column":8},"end":{"line":55,"column":32}},"5":{"start":{"line":64,"column":22},"end":{"line":64,"column":35}},"6":{"start":{"line":65,"column":8},"end":{"line":76,"column":9}},"7":{"start":{"line":67,"column":12},"end":{"line":67,"column":58}},"8":{"start":{"line":69,"column":12},"end":{"line":69,"column":69}},"9":{"start":{"line":71,"column":12},"end":{"line":71,"column":68}},"10":{"start":{"line":73,"column":12},"end":{"line":73,"column":67}},"11":{"start":{"line":75,"column":12},"end":{"line":75,"column":24}}},"fnMap":{"0":{"name":"roundF","decl":{"start":{"line":10,"column":9},"end":{"line":10,"column":15}},"loc":{"start":{"line":10,"column":36},"end":{"line":13,"column":1}},"line":10},"1":{"name":"(anonymous_1)","decl":{"start":{"line":30,"column":4},"end":{"line":30,"column":5}},"loc":{"start":{"line":30,"column":31},"end":{"line":37,"column":5}},"line":30},"2":{"name":"(anonymous_2)","decl":{"start":{"line":52,"column":4},"end":{"line":52,"column":5}},"loc":{"start":{"line":52,"column":34},"end":{"line":56,"column":5}},"line":52},"3":{"name":"(anonymous_3)","decl":{"start":{"line":63,"column":4},"end":{"line":63,"column":5}},"loc":{"start":{"line":63,"column":17},"end":{"line":77,"column":5}},"line":63}},"branchMap":{"0":{"loc":{"start":{"line":10,"column":24},"end":{"line":10,"column":34}},"type":"default-arg","locations":[{"start":{"line":10,"column":33},"end":{"line":10,"column":34}}],"line":10},"1":{"loc":{"start":{"line":65,"column":8},"end":{"line":76,"column":9}},"type":"switch","locations":[{"start":{"line":66,"column":8},"end":{"line":67,"column":58}},{"start":{"line":68,"column":8},"end":{"line":69,"column":69}},{"start":{"line":70,"column":8},"end":{"line":71,"column":68}},{"start":{"line":72,"column":8},"end":{"line":73,"column":67}},{"start":{"line":74,"column":8},"end":{"line":75,"column":24}}],"line":65},"2":{"loc":{"start":{"line":69,"column":19},"end":{"line":69,"column":69}},"type":"binary-expr","locations":[{"start":{"line":69,"column":19},"end":{"line":69,"column":42}},{"start":{"line":69,"column":46},"end":{"line":69,"column":69}}],"line":69},"3":{"loc":{"start":{"line":71,"column":19},"end":{"line":71,"column":68}},"type":"binary-expr","locations":[{"start":{"line":71,"column":19},"end":{"line":71,"column":42}},{"start":{"line":71,"column":46},"end":{"line":71,"column":68}}],"line":71},"4":{"loc":{"start":{"line":73,"column":19},"end":{"line":73,"column":67}},"type":"binary-expr","locations":[{"start":{"line":73,"column":19},"end":{"line":73,"column":41}},{"start":{"line":73,"column":45},"end":{"line":73,"column":67}}],"line":73}},"s":{"0":33,"1":33,"2":10,"3":44,"4":44,"5":12,"6":12,"7":3,"8":3,"9":3,"10":3,"11":0},"f":{"0":33,"1":10,"2":44,"3":12},"b":{"0":[33],"1":[3,3,3,3,0],"2":[3,3],"3":[3,3],"4":[3,3]},"_coverageSchema":"1a1c01bbd47fc00a2c39e90264f33305004495a9","hash":"e033d40d6cc3de3a26300f092403de17feefeea8"}
,"/home/runner/work/gameinputjs/gameinputjs/src/gameinput-model.js": {"path":"/home/runner/work/gameinputjs/gameinputjs/src/gameinput-model.js","statementMap":{"0":{"start":{"line":13,"column":32},"end":{"line":13,"column":166}},"1":{"start":{"line":16,"column":31},"end":{"line":16,"column":32}},"2":{"start":{"line":17,"column":31},"end":{"line":17,"column":32}},"3":{"start":{"line":18,"column":32},"end":{"line":18,"column":33}},"4":{"start":{"line":21,"column":33},"end":{"line":21,"column":34}},"5":{"start":{"line":22,"column":37},"end":{"line":22,"column":38}},"6":{"start":{"line":23,"column":32},"end":{"line":23,"column":33}},"7":{"start":{"line":24,"column":32},"end":{"line":24,"column":33}},"8":{"start":{"line":35,"column":8},"end":{"line":35,"column":28}},"9":{"start":{"line":36,"column":8},"end":{"line":36,"column":32}},"10":{"start":{"line":37,"column":8},"end":{"line":37,"column":20}},"11":{"start":{"line":38,"column":8},"end":{"line":38,"column":20}},"12":{"start":{"line":39,"column":8},"end":{"line":39,"column":56}},"13":{"start":{"line":40,"column":8},"end":{"line":40,"column":72}},"14":{"start":{"line":42,"column":23},"end":{"line":42,"column":67}},"15":{"start":{"line":43,"column":8},"end":{"line":48,"column":9}},"16":{"start":{"line":44,"column":12},"end":{"line":44,"column":132}},"17":{"start":{"line":45,"column":12},"end":{"line":45,"column":133}},"18":{"start":{"line":46,"column":12},"end":{"line":46,"column":127}},"19":{"start":{"line":47,"column":12},"end":{"line":47,"column":85}},"20":{"start":{"line":57,"column":8},"end":{"line":57,"column":34}},"21":{"start":{"line":57,"column":22},"end":{"line":57,"column":34}},"22":{"start":{"line":58,"column":8},"end":{"line":58,"column":36}},"23":{"start":{"line":67,"column":8},"end":{"line":67,"column":40}},"24":{"start":{"line":67,"column":28},"end":{"line":67,"column":40}},"25":{"start":{"line":68,"column":23},"end":{"line":68,"column":74}},"26":{"start":{"line":69,"column":8},"end":{"line":69,"column":33}},"27":{"start":{"line":69,"column":21},"end":{"line":69,"column":33}},"28":{"start":{"line":70,"column":25},"end":{"line":70,"column":129}},"29":{"start":{"line":71,"column":8},"end":{"line":71,"column":69}}},"fnMap":{"0":{"name":"(anonymous_0)","decl":{"start":{"line":34,"column":4},"end":{"line":34,"column":5}},"loc":{"start":{"line":34,"column":88},"end":{"line":49,"column":5}},"line":34},"1":{"name":"(anonymous_1)","decl":{"start":{"line":56,"column":4},"end":{"line":56,"column":5}},"loc":{"start":{"line":56,"column":24},"end":{"line":59,"column":5}},"line":56},"2":{"name":"(anonymous_2)","decl":{"start":{"line":66,"column":4},"end":{"line":66,"column":5}},"loc":{"start":{"line":66,"column":30},"end":{"line":72,"column":5}},"line":66}},"branchMap":{"0":{"loc":{"start":{"line":34,"column":35},"end":{"line":34,"column":49}},"type":"default-arg","locations":[{"start":{"line":34,"column":40},"end":{"line":34,"column":49}}],"line":34},"1":{"loc":{"start":{"line":34,"column":51},"end":{"line":34,"column":65}},"type":"default-arg","locations":[{"start":{"line":34,"column":56},"end":{"line":34,"column":65}}],"line":34},"2":{"loc":{"start":{"line":34,"column":67},"end":{"line":34,"column":86}},"type":"default-arg","locations":[{"start":{"line":34,"column":77},"end":{"line":34,"column":86}}],"line":34},"3":{"loc":{"start":{"line":39,"column":23},"end":{"line":39,"column":56}},"type":"binary-expr","locations":[{"start":{"line":39,"column":23},"end":{"line":39,"column":30}},{"start":{"line":39,"column":34},"end":{"line":39,"column":56}}],"line":39},"4":{"loc":{"start":{"line":43,"column":8},"end":{"line":48,"column":9}},"type":"if","locations":[{"start":{"line":43,"column":8},"end":{"line":48,"column":9}},{"start":{},"end":{}}],"line":43},"5":{"loc":{"start":{"line":44,"column":29},"end":{"line":44,"column":114}},"type":"binary-expr","locations":[{"start":{"line":44,"column":29},"end":{"line":44,"column":69}},{"start":{"line":44,"column":73},"end":{"line":44,"column":114}}],"line":44},"6":{"loc":{"start":{"line":45,"column":30},"end":{"line":45,"column":115}},"type":"binary-expr","locations":[{"start":{"line":45,"column":30},"end":{"line":45,"column":70}},{"start":{"line":45,"column":74},"end":{"line":45,"column":115}}],"line":45},"7":{"loc":{"start":{"line":46,"column":32},"end":{"line":46,"column":119}},"type":"binary-expr","locations":[{"start":{"line":46,"column":32},"end":{"line":46,"column":73}},{"start":{"line":46,"column":77},"end":{"line":46,"column":119}}],"line":46},"8":{"loc":{"start":{"line":57,"column":8},"end":{"line":57,"column":34}},"type":"if","locations":[{"start":{"line":57,"column":8},"end":{"line":57,"column":34}},{"start":{},"end":{}}],"line":57},"9":{"loc":{"start":{"line":67,"column":8},"end":{"line":67,"column":40}},"type":"if","locations":[{"start":{"line":67,"column":8},"end":{"line":67,"column":40}},{"start":{},"end":{}}],"line":67},"10":{"loc":{"start":{"line":69,"column":8},"end":{"line":69,"column":33}},"type":"if","locations":[{"start":{"line":69,"column":8},"end":{"line":69,"column":33}},{"start":{},"end":{}}],"line":69},"11":{"loc":{"start":{"line":70,"column":26},"end":{"line":70,"column":111}},"type":"binary-expr","locations":[{"start":{"line":70,"column":26},"end":{"line":70,"column":66}},{"start":{"line":70,"column":70},"end":{"line":70,"column":111}}],"line":70}},"s":{"0":3,"1":3,"2":3,"3":3,"4":3,"5":3,"6":3,"7":3,"8":221,"9":221,"10":221,"11":221,"12":221,"13":221,"14":221,"15":221,"16":210,"17":210,"18":210,"19":210,"20":3,"21":1,"22":2,"23":16,"24":1,"25":15,"26":15,"27":1,"28":14,"29":14},"f":{"0":221,"1":3,"2":16},"b":{"0":[3],"1":[67],"2":[65],"3":[221,65],"4":[210,11],"5":[210,113],"6":[210,113],"7":[210,113],"8":[1,2],"9":[1,15],"10":[1,14],"11":[14,6]},"_coverageSchema":"1a1c01bbd47fc00a2c39e90264f33305004495a9","hash":"56a3fb24f474a93b8c93e0f648d3166104645047"}
,"/home/runner/work/gameinputjs/gameinputjs/src/gameinput-models.js": {"path":"/home/runner/work/gameinputjs/gameinputjs/src/gameinput-models.js","statementMap":{"0":{"start":{"line":8,"column":40},"end":{"line":17,"column":2}},"1":{"start":{"line":18,"column":42},"end":{"line":27,"column":2}},"2":{"start":{"line":29,"column":33},"end":{"line":35,"column":2}},"3":{"start":{"line":36,"column":40},"end":{"line":41,"column":2}},"4":{"start":{"line":42,"column":34},"end":{"line":50,"column":2}},"5":{"start":{"line":52,"column":24},"end":{"line":1109,"column":1}}},"fnMap":{},"branchMap":{},"s":{"0":2,"1":2,"2":2,"3":2,"4":2,"5":2},"f":{},"b":{},"_coverageSchema":"1a1c01bbd47fc00a2c39e90264f33305004495a9","hash":"eac009e90852d063c75584195e1841ac12a00abd"}
,"/home/runner/work/gameinputjs/gameinputjs/src/gameinput-options.js": {"path":"/home/runner/work/gameinputjs/gameinputjs/src/gameinput-options.js","statementMap":{"0":{"start":{"line":9,"column":22},"end":{"line":9,"column":27}}},"fnMap":{},"branchMap":{},"s":{"0":0},"f":{},"b":{},"_coverageSchema":"1a1c01bbd47fc00a2c39e90264f33305004495a9","hash":"489d63dfbab2dcee1b52aba904caaf16429f7c9e"}
,"/home/runner/work/gameinputjs/gameinputjs/src/gameinput-player.js": {"path":"/home/runner/work/gameinputjs/gameinputjs/src/gameinput-player.js","statementMap":{"0":{"start":{"line":21,"column":13},"end":{"line":21,"column":22}},"1":{"start":{"line":26,"column":12},"end":{"line":26,"column":21}},"2":{"start":{"line":31,"column":14},"end":{"line":31,"column":23}},"3":{"start":{"line":37,"column":12},"end":{"line":37,"column":32}},"4":{"start":{"line":47,"column":15},"end":{"line":52,"column":5}},"5":{"start":{"line":58,"column":24},"end":{"line":58,"column":33}},"6":{"start":{"line":64,"column":22},"end":{"line":64,"column":31}},"7":{"start":{"line":72,"column":8},"end":{"line":72,"column":35}},"8":{"start":{"line":73,"column":8},"end":{"line":73,"column":28}},"9":{"start":{"line":74,"column":8},"end":{"line":74,"column":31}},"10":{"start":{"line":76,"column":8},"end":{"line":80,"column":13}},"11":{"start":{"line":77,"column":12},"end":{"line":80,"column":13}},"12":{"start":{"line":78,"column":16},"end":{"line":78,"column":74}},"13":{"start":{"line":79,"column":16},"end":{"line":79,"column":72}},"14":{"start":{"line":84,"column":8},"end":{"line":84,"column":42}},"15":{"start":{"line":85,"column":8},"end":{"line":85,"column":40}},"16":{"start":{"line":86,"column":8},"end":{"line":86,"column":44}},"17":{"start":{"line":87,"column":8},"end":{"line":87,"column":40}},"18":{"start":{"line":88,"column":8},"end":{"line":88,"column":41}},"19":{"start":{"line":96,"column":8},"end":{"line":96,"column":35}},"20":{"start":{"line":97,"column":8},"end":{"line":97,"column":26}},"21":{"start":{"line":98,"column":8},"end":{"line":98,"column":37}},"22":{"start":{"line":106,"column":8},"end":{"line":106,"column":53}},"23":{"start":{"line":114,"column":8},"end":{"line":114,"column":53}},"24":{"start":{"line":131,"column":8},"end":{"line":131,"column":122}},"25":{"start":{"line":132,"column":25},"end":{"line":132,"column":61}},"26":{"start":{"line":134,"column":8},"end":{"line":134,"column":93}},"27":{"start":{"line":143,"column":8},"end":{"line":143,"column":71}},"28":{"start":{"line":144,"column":27},"end":{"line":144,"column":85}},"29":{"start":{"line":145,"column":8},"end":{"line":146,"column":53}},"30":{"start":{"line":146,"column":12},"end":{"line":146,"column":53}},"31":{"start":{"line":146,"column":45},"end":{"line":146,"column":53}},"32":{"start":{"line":155,"column":8},"end":{"line":155,"column":69}},"33":{"start":{"line":156,"column":27},"end":{"line":156,"column":83}},"34":{"start":{"line":157,"column":8},"end":{"line":158,"column":53}},"35":{"start":{"line":158,"column":12},"end":{"line":158,"column":53}},"36":{"start":{"line":158,"column":45},"end":{"line":158,"column":53}},"37":{"start":{"line":168,"column":8},"end":{"line":169,"column":56}},"38":{"start":{"line":169,"column":12},"end":{"line":169,"column":56}},"39":{"start":{"line":171,"column":8},"end":{"line":172,"column":74}},"40":{"start":{"line":172,"column":12},"end":{"line":172,"column":74}},"41":{"start":{"line":174,"column":8},"end":{"line":174,"column":79}},"42":{"start":{"line":184,"column":8},"end":{"line":185,"column":56}},"43":{"start":{"line":185,"column":12},"end":{"line":185,"column":56}},"44":{"start":{"line":187,"column":8},"end":{"line":188,"column":72}},"45":{"start":{"line":188,"column":12},"end":{"line":188,"column":72}},"46":{"start":{"line":190,"column":8},"end":{"line":190,"column":77}},"47":{"start":{"line":199,"column":8},"end":{"line":200,"column":52}},"48":{"start":{"line":200,"column":12},"end":{"line":200,"column":52}},"49":{"start":{"line":202,"column":23},"end":{"line":202,"column":40}},"50":{"start":{"line":204,"column":20},"end":{"line":204,"column":50}},"51":{"start":{"line":205,"column":8},"end":{"line":213,"column":9}},"52":{"start":{"line":206,"column":12},"end":{"line":210,"column":13}},"53":{"start":{"line":207,"column":16},"end":{"line":207,"column":79}},"54":{"start":{"line":209,"column":16},"end":{"line":209,"column":89}},"55":{"start":{"line":212,"column":12},"end":{"line":212,"column":27}},"56":{"start":{"line":215,"column":8},"end":{"line":215,"column":48}},"57":{"start":{"line":216,"column":8},"end":{"line":224,"column":9}},"58":{"start":{"line":217,"column":12},"end":{"line":221,"column":13}},"59":{"start":{"line":218,"column":16},"end":{"line":218,"column":89}},"60":{"start":{"line":220,"column":16},"end":{"line":220,"column":89}},"61":{"start":{"line":223,"column":12},"end":{"line":223,"column":27}},"62":{"start":{"line":226,"column":8},"end":{"line":226,"column":48}},"63":{"start":{"line":227,"column":8},"end":{"line":235,"column":9}},"64":{"start":{"line":228,"column":12},"end":{"line":232,"column":13}},"65":{"start":{"line":229,"column":16},"end":{"line":229,"column":89}},"66":{"start":{"line":231,"column":16},"end":{"line":231,"column":89}},"67":{"start":{"line":234,"column":12},"end":{"line":234,"column":27}},"68":{"start":{"line":237,"column":8},"end":{"line":237,"column":49}},"69":{"start":{"line":238,"column":8},"end":{"line":246,"column":9}},"70":{"start":{"line":239,"column":12},"end":{"line":243,"column":13}},"71":{"start":{"line":240,"column":16},"end":{"line":240,"column":89}},"72":{"start":{"line":242,"column":16},"end":{"line":242,"column":89}},"73":{"start":{"line":245,"column":12},"end":{"line":245,"column":27}},"74":{"start":{"line":248,"column":8},"end":{"line":248,"column":21}},"75":{"start":{"line":257,"column":27},"end":{"line":257,"column":53}},"76":{"start":{"line":258,"column":29},"end":{"line":258,"column":30}},"77":{"start":{"line":260,"column":8},"end":{"line":267,"column":9}},"78":{"start":{"line":261,"column":25},"end":{"line":261,"column":65}},"79":{"start":{"line":262,"column":12},"end":{"line":266,"column":13}},"80":{"start":{"line":263,"column":16},"end":{"line":265,"column":17}},"81":{"start":{"line":264,"column":20},"end":{"line":264,"column":50}},"82":{"start":{"line":269,"column":8},"end":{"line":273,"column":9}},"83":{"start":{"line":270,"column":12},"end":{"line":270,"column":36}},"84":{"start":{"line":272,"column":12},"end":{"line":272,"column":113}},"85":{"start":{"line":284,"column":8},"end":{"line":284,"column":40}},"86":{"start":{"line":293,"column":8},"end":{"line":294,"column":52}},"87":{"start":{"line":294,"column":12},"end":{"line":294,"column":52}},"88":{"start":{"line":296,"column":21},"end":{"line":296,"column":48}},"89":{"start":{"line":298,"column":8},"end":{"line":305,"column":13}},"90":{"start":{"line":299,"column":12},"end":{"line":299,"column":38}},"91":{"start":{"line":300,"column":13},"end":{"line":305,"column":13}},"92":{"start":{"line":301,"column":12},"end":{"line":305,"column":13}},"93":{"start":{"line":306,"column":8},"end":{"line":306,"column":42}},"94":{"start":{"line":317,"column":8},"end":{"line":318,"column":21}},"95":{"start":{"line":318,"column":12},"end":{"line":318,"column":21}},"96":{"start":{"line":321,"column":21},"end":{"line":321,"column":65}},"97":{"start":{"line":323,"column":8},"end":{"line":324,"column":23}},"98":{"start":{"line":324,"column":12},"end":{"line":324,"column":23}},"99":{"start":{"line":326,"column":8},"end":{"line":339,"column":9}},"100":{"start":{"line":328,"column":12},"end":{"line":328,"column":26}},"101":{"start":{"line":330,"column":12},"end":{"line":330,"column":26}},"102":{"start":{"line":332,"column":12},"end":{"line":332,"column":27}},"103":{"start":{"line":334,"column":12},"end":{"line":334,"column":27}},"104":{"start":{"line":336,"column":12},"end":{"line":336,"column":29}},"105":{"start":{"line":338,"column":12},"end":{"line":338,"column":23}}},"fnMap":{"0":{"name":"(anonymous_0)","decl":{"start":{"line":71,"column":4},"end":{"line":71,"column":5}},"loc":{"start":{"line":71,"column":36},"end":{"line":81,"column":5}},"line":71},"1":{"name":"(anonymous_1)","decl":{"start":{"line":83,"column":4},"end":{"line":83,"column":5}},"loc":{"start":{"line":83,"column":22},"end":{"line":89,"column":5}},"line":83},"2":{"name":"(anonymous_2)","decl":{"start":{"line":95,"column":4},"end":{"line":95,"column":5}},"loc":{"start":{"line":95,"column":21},"end":{"line":99,"column":5}},"line":95},"3":{"name":"(anonymous_3)","decl":{"start":{"line":105,"column":4},"end":{"line":105,"column":5}},"loc":{"start":{"line":105,"column":18},"end":{"line":107,"column":5}},"line":105},"4":{"name":"(anonymous_4)","decl":{"start":{"line":113,"column":4},"end":{"line":113,"column":5}},"loc":{"start":{"line":113,"column":17},"end":{"line":115,"column":5}},"line":113},"5":{"name":"(anonymous_5)","decl":{"start":{"line":130,"column":4},"end":{"line":130,"column":5}},"loc":{"start":{"line":130,"column":42},"end":{"line":135,"column":5}},"line":130},"6":{"name":"(anonymous_6)","decl":{"start":{"line":142,"column":4},"end":{"line":142,"column":5}},"loc":{"start":{"line":142,"column":41},"end":{"line":147,"column":5}},"line":142},"7":{"name":"(anonymous_7)","decl":{"start":{"line":154,"column":4},"end":{"line":154,"column":5}},"loc":{"start":{"line":154,"column":39},"end":{"line":159,"column":5}},"line":154},"8":{"name":"(anonymous_8)","decl":{"start":{"line":167,"column":4},"end":{"line":167,"column":5}},"loc":{"start":{"line":167,"column":51},"end":{"line":175,"column":5}},"line":167},"9":{"name":"(anonymous_9)","decl":{"start":{"line":183,"column":4},"end":{"line":183,"column":5}},"loc":{"start":{"line":183,"column":49},"end":{"line":191,"column":5}},"line":183},"10":{"name":"(anonymous_10)","decl":{"start":{"line":198,"column":4},"end":{"line":198,"column":5}},"loc":{"start":{"line":198,"column":27},"end":{"line":249,"column":5}},"line":198},"11":{"name":"(anonymous_11)","decl":{"start":{"line":256,"column":4},"end":{"line":256,"column":5}},"loc":{"start":{"line":256,"column":37},"end":{"line":274,"column":5}},"line":256},"12":{"name":"(anonymous_12)","decl":{"start":{"line":292,"column":4},"end":{"line":292,"column":5}},"loc":{"start":{"line":292,"column":40},"end":{"line":307,"column":5}},"line":292},"13":{"name":"(anonymous_13)","decl":{"start":{"line":316,"column":4},"end":{"line":316,"column":5}},"loc":{"start":{"line":316,"column":68},"end":{"line":340,"column":5}},"line":316}},"branchMap":{"0":{"loc":{"start":{"line":130,"column":12},"end":{"line":130,"column":40}},"type":"default-arg","locations":[{"start":{"line":130,"column":38},"end":{"line":130,"column":40}}],"line":130},"1":{"loc":{"start":{"line":134,"column":36},"end":{"line":134,"column":67}},"type":"binary-expr","locations":[{"start":{"line":134,"column":36},"end":{"line":134,"column":50}},{"start":{"line":134,"column":54},"end":{"line":134,"column":67}}],"line":134},"2":{"loc":{"start":{"line":145,"column":8},"end":{"line":146,"column":53}},"type":"if","locations":[{"start":{"line":145,"column":8},"end":{"line":146,"column":53}},{"start":{},"end":{}}],"line":145},"3":{"loc":{"start":{"line":157,"column":8},"end":{"line":158,"column":53}},"type":"if","locations":[{"start":{"line":157,"column":8},"end":{"line":158,"column":53}},{"start":{},"end":{}}],"line":157},"4":{"loc":{"start":{"line":168,"column":8},"end":{"line":169,"column":56}},"type":"if","locations":[{"start":{"line":168,"column":8},"end":{"line":169,"column":56}},{"start":{},"end":{}}],"line":168},"5":{"loc":{"start":{"line":171,"column":8},"end":{"line":172,"column":74}},"type":"if","locations":[{"start":{"line":171,"column":8},"end":{"line":172,"column":74}},{"start":{},"end":{}}],"line":171},"6":{"loc":{"start":{"line":184,"column":8},"end":{"line":185,"column":56}},"type":"if","locations":[{"start":{"line":184,"column":8},"end":{"line":185,"column":56}},{"start":{},"end":{}}],"line":184},"7":{"loc":{"start":{"line":187,"column":8},"end":{"line":188,"column":72}},"type":"if","locations":[{"start":{"line":187,"column":8},"end":{"line":188,"column":72}},{"start":{},"end":{}}],"line":187},"8":{"loc":{"start":{"line":199,"column":8},"end":{"line":200,"column":52}},"type":"if","locations":[{"start":{"line":199,"column":8},"end":{"line":200,"column":52}},{"start":{},"end":{}}],"line":199},"9":{"loc":{"start":{"line":199,"column":12},"end":{"line":199,"column":49}},"type":"binary-expr","locations":[{"start":{"line":199,"column":12},"end":{"line":199,"column":28}},{"start":{"line":199,"column":32},"end":{"line":199,"column":49}}],"line":199},"10":{"loc":{"start":{"line":205,"column":8},"end":{"line":213,"column":9}},"type":"if","locations":[{"start":{"line":205,"column":8},"end":{"line":213,"column":9}},{"start":{"line":211,"column":15},"end":{"line":213,"column":9}}],"line":205},"11":{"loc":{"start":{"line":206,"column":12},"end":{"line":210,"column":13}},"type":"if","locations":[{"start":{"line":206,"column":12},"end":{"line":210,"column":13}},{"start":{"line":208,"column":19},"end":{"line":210,"column":13}}],"line":206},"12":{"loc":{"start":{"line":207,"column":28},"end":{"line":207,"column":79}},"type":"cond-expr","locations":[{"start":{"line":207,"column":64},"end":{"line":207,"column":75}},{"start":{"line":207,"column":78},"end":{"line":207,"column":79}}],"line":207},"13":{"loc":{"start":{"line":209,"column":28},"end":{"line":209,"column":89}},"type":"cond-expr","locations":[{"start":{"line":209,"column":64},"end":{"line":209,"column":85}},{"start":{"line":209,"column":88},"end":{"line":209,"column":89}}],"line":209},"14":{"loc":{"start":{"line":216,"column":8},"end":{"line":224,"column":9}},"type":"if","locations":[{"start":{"line":216,"column":8},"end":{"line":224,"column":9}},{"start":{"line":222,"column":15},"end":{"line":224,"column":9}}],"line":216},"15":{"loc":{"start":{"line":217,"column":12},"end":{"line":221,"column":13}},"type":"if","locations":[{"start":{"line":217,"column":12},"end":{"line":221,"column":13}},{"start":{"line":219,"column":19},"end":{"line":221,"column":13}}],"line":217},"16":{"loc":{"start":{"line":218,"column":28},"end":{"line":218,"column":89}},"type":"cond-expr","locations":[{"start":{"line":218,"column":64},"end":{"line":218,"column":85}},{"start":{"line":218,"column":88},"end":{"line":218,"column":89}}],"line":218},"17":{"loc":{"start":{"line":220,"column":28},"end":{"line":220,"column":89}},"type":"cond-expr","locations":[{"start":{"line":220,"column":64},"end":{"line":220,"column":85}},{"start":{"line":220,"column":88},"end":{"line":220,"column":89}}],"line":220},"18":{"loc":{"start":{"line":227,"column":8},"end":{"line":235,"column":9}},"type":"if","locations":[{"start":{"line":227,"column":8},"end":{"line":235,"column":9}},{"start":{"line":233,"column":15},"end":{"line":235,"column":9}}],"line":227},"19":{"loc":{"start":{"line":228,"column":12},"end":{"line":232,"column":13}},"type":"if","locations":[{"start":{"line":228,"column":12},"end":{"line":232,"column":13}},{"start":{"line":230,"column":19},"end":{"line":232,"column":13}}],"line":228},"20":{"loc":{"start":{"line":229,"column":28},"end":{"line":229,"column":89}},"type":"cond-expr","locations":[{"start":{"line":229,"column":64},"end":{"line":229,"column":85}},{"start":{"line":229,"column":88},"end":{"line":229,"column":89}}],"line":229},"21":{"loc":{"start":{"line":231,"column":28},"end":{"line":231,"column":89}},"type":"cond-expr","locations":[{"start":{"line":231,"column":64},"end":{"line":231,"column":85}},{"start":{"line":231,"column":88},"end":{"line":231,"column":89}}],"line":231},"22":{"loc":{"start":{"line":238,"column":8},"end":{"line":246,"column":9}},"type":"if","locations":[{"start":{"line":238,"column":8},"end":{"line":246,"column":9}},{"start":{"line":244,"column":15},"end":{"line":246,"column":9}}],"line":238},"23":{"loc":{"start":{"line":239,"column":12},"end":{"line":243,"column":13}},"type":"if","locations":[{"start":{"line":239,"column":12},"end":{"line":243,"column":13}},{"start":{"line":241,"column":19},"end":{"line":243,"column":13}}],"line":239},"24":{"loc":{"start":{"line":240,"column":28},"end":{"line":240,"column":89}},"type":"cond-expr","locations":[{"start":{"line":240,"column":64},"end":{"line":240,"column":85}},{"start":{"line":240,"column":88},"end":{"line":240,"column":89}}],"line":240},"25":{"loc":{"start":{"line":242,"column":28},"end":{"line":242,"column":89}},"type":"cond-expr","locations":[{"start":{"line":242,"column":64},"end":{"line":242,"column":85}},{"start":{"line":242,"column":88},"end":{"line":242,"column":89}}],"line":242},"26":{"loc":{"start":{"line":262,"column":12},"end":{"line":266,"column":13}},"type":"if","locations":[{"start":{"line":262,"column":12},"end":{"line":266,"column":13}},{"start":{},"end":{}}],"line":262},"27":{"loc":{"start":{"line":263,"column":16},"end":{"line":265,"column":17}},"type":"if","locations":[{"start":{"line":263,"column":16},"end":{"line":265,"column":17}},{"start":{},"end":{}}],"line":263},"28":{"loc":{"start":{"line":269,"column":8},"end":{"line":273,"column":9}},"type":"if","locations":[{"start":{"line":269,"column":8},"end":{"line":273,"column":9}},{"start":{"line":271,"column":15},"end":{"line":273,"column":9}}],"line":269},"29":{"loc":{"start":{"line":293,"column":8},"end":{"line":294,"column":52}},"type":"if","locations":[{"start":{"line":293,"column":8},"end":{"line":294,"column":52}},{"start":{},"end":{}}],"line":293},"30":{"loc":{"start":{"line":293,"column":12},"end":{"line":293,"column":53}},"type":"binary-expr","locations":[{"start":{"line":293,"column":12},"end":{"line":293,"column":30}},{"start":{"line":293,"column":34},"end":{"line":293,"column":53}}],"line":293},"31":{"loc":{"start":{"line":298,"column":8},"end":{"line":305,"column":13}},"type":"if","locations":[{"start":{"line":298,"column":8},"end":{"line":305,"column":13}},{"start":{"line":300,"column":13},"end":{"line":305,"column":13}}],"line":298},"32":{"loc":{"start":{"line":299,"column":19},"end":{"line":299,"column":38}},"type":"cond-expr","locations":[{"start":{"line":299,"column":33},"end":{"line":299,"column":34}},{"start":{"line":299,"column":37},"end":{"line":299,"column":38}}],"line":299},"33":{"loc":{"start":{"line":300,"column":13},"end":{"line":305,"column":13}},"type":"if","locations":[{"start":{"line":300,"column":13},"end":{"line":305,"column":13}},{"start":{},"end":{}}],"line":300},"34":{"loc":{"start":{"line":316,"column":44},"end":{"line":316,"column":66}},"type":"default-arg","locations":[{"start":{"line":316,"column":61},"end":{"line":316,"column":66}}],"line":316},"35":{"loc":{"start":{"line":317,"column":8},"end":{"line":318,"column":21}},"type":"if","locations":[{"start":{"line":317,"column":8},"end":{"line":318,"column":21}},{"start":{},"end":{}}],"line":317},"36":{"loc":{"start":{"line":323,"column":8},"end":{"line":324,"column":23}},"type":"if","locations":[{"start":{"line":323,"column":8},"end":{"line":324,"column":23}},{"start":{},"end":{}}],"line":323},"37":{"loc":{"start":{"line":326,"column":8},"end":{"line":339,"column":9}},"type":"switch","locations":[{"start":{"line":327,"column":8},"end":{"line":328,"column":26}},{"start":{"line":329,"column":8},"end":{"line":330,"column":26}},{"start":{"line":331,"column":8},"end":{"line":332,"column":27}},{"start":{"line":333,"column":8},"end":{"line":334,"column":27}},{"start":{"line":335,"column":8},"end":{"line":336,"column":29}},{"start":{"line":337,"column":8},"end":{"line":338,"column":23}}],"line":326}},"s":{"0":0,"1":0,"2":0,"3":0,"4":0,"5":0,"6":0,"7":0,"8":0,"9":0,"10":0,"11":0,"12":0,"13":0,"14":0,"15":0,"16":0,"17":0,"18":0,"19":0,"20":0,"21":0,"22":0,"23":0,"24":0,"25":0,"26":0,"27":0,"28":0,"29":0,"30":0,"31":0,"32":0,"33":0,"34":0,"35":0,"36":0,"37":0,"38":0,"39":0,"40":0,"41":0,"42":0,"43":0,"44":0,"45":0,"46":0,"47":0,"48":0,"49":0,"50":0,"51":0,"52":0,"53":0,"54":0,"55":0,"56":0,"57":0,"58":0,"59":0,"60":0,"61":0,"62":0,"63":0,"64":0,"65":0,"66":0,"67":0,"68":0,"69":0,"70":0,"71":0,"72":0,"73":0,"74":0,"75":0,"76":0,"77":0,"78":0,"79":0,"80":0,"81":0,"82":0,"83":0,"84":0,"85":0,"86":0,"87":0,"88":0,"89":0,"90":0,"91":0,"92":0,"93":0,"94":0,"95":0,"96":0,"97":0,"98":0,"99":0,"100":0,"101":0,"102":0,"103":0,"104":0,"105":0},"f":{"0":0,"1":0,"2":0,"3":0,"4":0,"5":0,"6":0,"7":0,"8":0,"9":0,"10":0,"11":0,"12":0,"13":0},"b":{"0":[0],"1":[0,0],"2":[0,0],"3":[0,0],"4":[0,0],"5":[0,0],"6":[0,0],"7":[0,0],"8":[0,0],"9":[0,0],"10":[0,0],"11":[0,0],"12":[0,0],"13":[0,0],"14":[0,0],"15":[0,0],"16":[0,0],"17":[0,0],"18":[0,0],"19":[0,0],"20":[0,0],"21":[0,0],"22":[0,0],"23":[0,0],"24":[0,0],"25":[0,0],"26":[0,0],"27":[0,0],"28":[0,0],"29":[0,0],"30":[0,0],"31":[0,0],"32":[0,0],"33":[0,0],"34":[0],"35":[0,0],"36":[0,0],"37":[0,0,0,0,0,0]},"_coverageSchema":"1a1c01bbd47fc00a2c39e90264f33305004495a9","hash":"0576214442b03004f1d30558512494ad5d9af2fa"}
,"/home/runner/work/gameinputjs/gameinputjs/src/gameinput-schema.js": {"path":"/home/runner/work/gameinputjs/gameinputjs/src/gameinput-schema.js","statementMap":{"0":{"start":{"line":56,"column":4},"end":{"line":62,"column":5}},"1":{"start":{"line":57,"column":12},"end":{"line":57,"column":41}},"2":{"start":{"line":58,"column":12},"end":{"line":58,"column":41}},"3":{"start":{"line":59,"column":12},"end":{"line":59,"column":38}},"4":{"start":{"line":60,"column":12},"end":{"line":60,"column":38}},"5":{"start":{"line":61,"column":13},"end":{"line":61,"column":29}},"6":{"start":{"line":69,"column":43},"end":{"line":77,"column":1}},"7":{"start":{"line":83,"column":42},"end":{"line":91,"column":1}},"8":{"start":{"line":143,"column":22},"end":{"line":182,"column":5}},"9":{"start":{"line":187,"column":22},"end":{"line":202,"column":6}},"10":{"start":{"line":207,"column":21},"end":{"line":226,"column":6}},"11":{"start":{"line":231,"column":28},"end":{"line":250,"column":6}},"12":{"start":{"line":255,"column":25},"end":{"line":274,"column":6}},"13":{"start":{"line":279,"column":33},"end":{"line":298,"column":6}},"14":{"start":{"line":303,"column":32},"end":{"line":322,"column":6}},"15":{"start":{"line":327,"column":24},"end":{"line":362,"column":10}},"16":{"start":{"line":367,"column":21},"end":{"line":400,"column":6}},"17":{"start":{"line":405,"column":11},"end":{"line":405,"column":13}},"18":{"start":{"line":411,"column":16},"end":{"line":411,"column":34}},"19":{"start":{"line":420,"column":8},"end":{"line":420,"column":24}},"20":{"start":{"line":421,"column":8},"end":{"line":421,"column":34}},"21":{"start":{"line":422,"column":8},"end":{"line":422,"column":79}},"22":{"start":{"line":431,"column":8},"end":{"line":431,"column":66}},"23":{"start":{"line":440,"column":8},"end":{"line":440,"column":55}}},"fnMap":{"0":{"name":"OrdinalButtonName","decl":{"start":{"line":55,"column":16},"end":{"line":55,"column":33}},"loc":{"start":{"line":55,"column":47},"end":{"line":63,"column":1}},"line":55},"1":{"name":"(anonymous_1)","decl":{"start":{"line":419,"column":4},"end":{"line":419,"column":5}},"loc":{"start":{"line":419,"column":45},"end":{"line":423,"column":5}},"line":419},"2":{"name":"(anonymous_2)","decl":{"start":{"line":430,"column":4},"end":{"line":430,"column":5}},"loc":{"start":{"line":430,"column":20},"end":{"line":432,"column":5}},"line":430},"3":{"name":"(anonymous_3)","decl":{"start":{"line":439,"column":4},"end":{"line":439,"column":5}},"loc":{"start":{"line":439,"column":26},"end":{"line":441,"column":5}},"line":439}},"branchMap":{"0":{"loc":{"start":{"line":56,"column":4},"end":{"line":62,"column":5}},"type":"switch","locations":[{"start":{"line":57,"column":4},"end":{"line":57,"column":41}},{"start":{"line":58,"column":4},"end":{"line":58,"column":41}},{"start":{"line":59,"column":4},"end":{"line":59,"column":38}},{"start":{"line":60,"column":4},"end":{"line":60,"column":38}},{"start":{"line":61,"column":4},"end":{"line":61,"column":29}}],"line":56},"1":{"loc":{"start":{"line":57,"column":19},"end":{"line":57,"column":41}},"type":"cond-expr","locations":[{"start":{"line":57,"column":25},"end":{"line":57,"column":31}},{"start":{"line":57,"column":34},"end":{"line":57,"column":41}}],"line":57},"2":{"loc":{"start":{"line":58,"column":19},"end":{"line":58,"column":41}},"type":"cond-expr","locations":[{"start":{"line":58,"column":25},"end":{"line":58,"column":32}},{"start":{"line":58,"column":35},"end":{"line":58,"column":41}}],"line":58},"3":{"loc":{"start":{"line":59,"column":19},"end":{"line":59,"column":38}},"type":"cond-expr","locations":[{"start":{"line":59,"column":25},"end":{"line":59,"column":31}},{"start":{"line":59,"column":34},"end":{"line":59,"column":38}}],"line":59},"4":{"loc":{"start":{"line":60,"column":19},"end":{"line":60,"column":38}},"type":"cond-expr","locations":[{"start":{"line":60,"column":25},"end":{"line":60,"column":29}},{"start":{"line":60,"column":32},"end":{"line":60,"column":38}}],"line":60},"5":{"loc":{"start":{"line":328,"column":8},"end":{"line":328,"column":57}},"type":"cond-expr","locations":[{"start":{"line":328,"column":18},"end":{"line":328,"column":36}},{"start":{"line":328,"column":39},"end":{"line":328,"column":57}}],"line":328}},"s":{"0":0,"1":0,"2":0,"3":0,"4":0,"5":0,"6":3,"7":3,"8":3,"9":3,"10":3,"11":3,"12":3,"13":3,"14":3,"15":3,"16":3,"17":24,"18":24,"19":24,"20":24,"21":24,"22":0,"23":0},"f":{"0":0,"1":24,"2":0,"3":0},"b":{"0":[0,0,0,0,0],"1":[0,0],"2":[0,0],"3":[0,0],"4":[0,0],"5":[0,3]},"_coverageSchema":"1a1c01bbd47fc00a2c39e90264f33305004495a9","hash":"62ad550d370b1b1e6648e00b3070ede1e1cef306"}
,"/home/runner/work/gameinputjs/gameinputjs/src/gameinput-state.js": {"path":"/home/runner/work/gameinputjs/gameinputjs/src/gameinput-state.js","statementMap":{"0":{"start":{"line":28,"column":8},"end":{"line":28,"column":24}},"1":{"start":{"line":51,"column":8},"end":{"line":51,"column":24}},"2":{"start":{"line":52,"column":8},"end":{"line":52,"column":26}},"3":{"start":{"line":75,"column":8},"end":{"line":75,"column":24}},"4":{"start":{"line":76,"column":8},"end":{"line":76,"column":28}},"5":{"start":{"line":101,"column":8},"end":{"line":101,"column":26}},"6":{"start":{"line":102,"column":8},"end":{"line":102,"column":20}},"7":{"start":{"line":103,"column":8},"end":{"line":103,"column":24}},"8":{"start":{"line":124,"column":8},"end":{"line":124,"column":36}},"9":{"start":{"line":125,"column":8},"end":{"line":125,"column":34}},"10":{"start":{"line":134,"column":8},"end":{"line":134,"column":61}},"11":{"start":{"line":152,"column":8},"end":{"line":152,"column":86}},"12":{"start":{"line":218,"column":8},"end":{"line":218,"column":24}},"13":{"start":{"line":219,"column":8},"end":{"line":219,"column":24}},"14":{"start":{"line":220,"column":8},"end":{"line":220,"column":28}},"15":{"start":{"line":221,"column":8},"end":{"line":221,"column":32}},"16":{"start":{"line":222,"column":8},"end":{"line":222,"column":30}},"17":{"start":{"line":223,"column":8},"end":{"line":223,"column":34}},"18":{"start":{"line":224,"column":8},"end":{"line":224,"column":36}},"19":{"start":{"line":245,"column":8},"end":{"line":245,"column":24}},"20":{"start":{"line":246,"column":8},"end":{"line":247,"column":61}},"21":{"start":{"line":247,"column":12},"end":{"line":247,"column":61}},"22":{"start":{"line":248,"column":25},"end":{"line":248,"column":92}},"23":{"start":{"line":249,"column":8},"end":{"line":249,"column":23}}},"fnMap":{"0":{"name":"(anonymous_0)","decl":{"start":{"line":27,"column":4},"end":{"line":27,"column":5}},"loc":{"start":{"line":27,"column":23},"end":{"line":29,"column":5}},"line":27},"1":{"name":"(anonymous_1)","decl":{"start":{"line":50,"column":4},"end":{"line":50,"column":5}},"loc":{"start":{"line":50,"column":54},"end":{"line":53,"column":5}},"line":50},"2":{"name":"(anonymous_2)","decl":{"start":{"line":74,"column":4},"end":{"line":74,"column":5}},"loc":{"start":{"line":74,"column":55},"end":{"line":77,"column":5}},"line":74},"3":{"name":"(anonymous_3)","decl":{"start":{"line":100,"column":4},"end":{"line":100,"column":5}},"loc":{"start":{"line":100,"column":88},"end":{"line":104,"column":5}},"line":100},"4":{"name":"(anonymous_4)","decl":{"start":{"line":122,"column":4},"end":{"line":122,"column":5}},"loc":{"start":{"line":123,"column":40},"end":{"line":126,"column":5}},"line":123},"5":{"name":"(anonymous_5)","decl":{"start":{"line":133,"column":4},"end":{"line":133,"column":5}},"loc":{"start":{"line":133,"column":20},"end":{"line":135,"column":5}},"line":133},"6":{"name":"(anonymous_6)","decl":{"start":{"line":151,"column":4},"end":{"line":151,"column":5}},"loc":{"start":{"line":151,"column":24},"end":{"line":153,"column":5}},"line":151},"7":{"name":"(anonymous_7)","decl":{"start":{"line":209,"column":4},"end":{"line":209,"column":5}},"loc":{"start":{"line":217,"column":6},"end":{"line":225,"column":5}},"line":217},"8":{"name":"(anonymous_8)","decl":{"start":{"line":244,"column":4},"end":{"line":244,"column":5}},"loc":{"start":{"line":244,"column":56},"end":{"line":250,"column":5}},"line":244}},"branchMap":{"0":{"loc":{"start":{"line":50,"column":17},"end":{"line":50,"column":33}},"type":"default-arg","locations":[{"start":{"line":50,"column":24},"end":{"line":50,"column":33}}],"line":50},"1":{"loc":{"start":{"line":50,"column":35},"end":{"line":50,"column":52}},"type":"default-arg","locations":[{"start":{"line":50,"column":43},"end":{"line":50,"column":52}}],"line":50},"2":{"loc":{"start":{"line":74,"column":17},"end":{"line":74,"column":33}},"type":"default-arg","locations":[{"start":{"line":74,"column":24},"end":{"line":74,"column":33}}],"line":74},"3":{"loc":{"start":{"line":74,"column":35},"end":{"line":74,"column":53}},"type":"default-arg","locations":[{"start":{"line":74,"column":44},"end":{"line":74,"column":53}}],"line":74},"4":{"loc":{"start":{"line":100,"column":17},"end":{"line":100,"column":31}},"type":"default-arg","locations":[{"start":{"line":100,"column":22},"end":{"line":100,"column":31}}],"line":100},"5":{"loc":{"start":{"line":100,"column":33},"end":{"line":100,"column":50}},"type":"default-arg","locations":[{"start":{"line":100,"column":41},"end":{"line":100,"column":50}}],"line":100},"6":{"loc":{"start":{"line":100,"column":52},"end":{"line":100,"column":68}},"type":"default-arg","locations":[{"start":{"line":100,"column":59},"end":{"line":100,"column":68}}],"line":100},"7":{"loc":{"start":{"line":100,"column":70},"end":{"line":100,"column":86}},"type":"default-arg","locations":[{"start":{"line":100,"column":77},"end":{"line":100,"column":86}}],"line":100},"8":{"loc":{"start":{"line":122,"column":17},"end":{"line":122,"column":31}},"type":"default-arg","locations":[{"start":{"line":122,"column":22},"end":{"line":122,"column":31}}],"line":122},"9":{"loc":{"start":{"line":122,"column":33},"end":{"line":122,"column":50}},"type":"default-arg","locations":[{"start":{"line":122,"column":41},"end":{"line":122,"column":50}}],"line":122},"10":{"loc":{"start":{"line":122,"column":52},"end":{"line":122,"column":68}},"type":"default-arg","locations":[{"start":{"line":122,"column":59},"end":{"line":122,"column":68}}],"line":122},"11":{"loc":{"start":{"line":122,"column":70},"end":{"line":122,"column":86}},"type":"default-arg","locations":[{"start":{"line":122,"column":77},"end":{"line":122,"column":86}}],"line":122},"12":{"loc":{"start":{"line":123,"column":8},"end":{"line":123,"column":38}},"type":"default-arg","locations":[{"start":{"line":123,"column":20},"end":{"line":123,"column":38}}],"line":123},"13":{"loc":{"start":{"line":210,"column":8},"end":{"line":210,"column":45}},"type":"default-arg","locations":[{"start":{"line":210,"column":15},"end":{"line":210,"column":45}}],"line":210},"14":{"loc":{"start":{"line":211,"column":8},"end":{"line":211,"column":39}},"type":"default-arg","locations":[{"start":{"line":211,"column":15},"end":{"line":211,"column":39}}],"line":211},"15":{"loc":{"start":{"line":212,"column":8},"end":{"line":212,"column":43}},"type":"default-arg","locations":[{"start":{"line":212,"column":17},"end":{"line":212,"column":43}}],"line":212},"16":{"loc":{"start":{"line":213,"column":8},"end":{"line":213,"column":41}},"type":"default-arg","locations":[{"start":{"line":213,"column":19},"end":{"line":213,"column":41}}],"line":213},"17":{"loc":{"start":{"line":214,"column":8},"end":{"line":214,"column":40}},"type":"default-arg","locations":[{"start":{"line":214,"column":18},"end":{"line":214,"column":40}}],"line":214},"18":{"loc":{"start":{"line":215,"column":8},"end":{"line":215,"column":50}},"type":"default-arg","locations":[{"start":{"line":215,"column":20},"end":{"line":215,"column":50}}],"line":215},"19":{"loc":{"start":{"line":216,"column":8},"end":{"line":216,"column":51}},"type":"default-arg","locations":[{"start":{"line":216,"column":21},"end":{"line":216,"column":51}}],"line":216},"20":{"loc":{"start":{"line":244,"column":13},"end":{"line":244,"column":27}},"type":"default-arg","locations":[{"start":{"line":244,"column":25},"end":{"line":244,"column":27}}],"line":244},"21":{"loc":{"start":{"line":244,"column":29},"end":{"line":244,"column":54}},"type":"default-arg","locations":[{"start":{"line":244,"column":45},"end":{"line":244,"column":54}}],"line":244},"22":{"loc":{"start":{"line":246,"column":8},"end":{"line":247,"column":61}},"type":"if","locations":[{"start":{"line":246,"column":8},"end":{"line":247,"column":61}},{"start":{},"end":{}}],"line":246}},"s":{"0":0,"1":0,"2":0,"3":0,"4":0,"5":0,"6":0,"7":0,"8":0,"9":0,"10":0,"11":0,"12":0,"13":0,"14":0,"15":0,"16":0,"17":0,"18":0,"19":0,"20":0,"21":0,"22":0,"23":0},"f":{"0":0,"1":0,"2":0,"3":0,"4":0,"5":0,"6":0,"7":0,"8":0},"b":{"0":[0],"1":[0],"2":[0],"3":[0],"4":[0],"5":[0],"6":[0],"7":[0],"8":[0],"9":[0],"10":[0],"11":[0],"12":[0],"13":[0],"14":[0],"15":[0],"16":[0],"17":[0],"18":[0],"19":[0],"20":[0],"21":[0],"22":[0,0]},"_coverageSchema":"1a1c01bbd47fc00a2c39e90264f33305004495a9","hash":"f9362a08bc1892816d10708358d9faa6448309e9"}
,"/home/runner/work/gameinputjs/gameinputjs/src/gameinput.js": {"path":"/home/runner/work/gameinputjs/gameinputjs/src/gameinput.js","statementMap":{"0":{"start":{"line":26,"column":20},"end":{"line":72,"column":5}},"1":{"start":{"line":80,"column":8},"end":{"line":80,"column":48}},"2":{"start":{"line":88,"column":8},"end":{"line":88,"column":41}},"3":{"start":{"line":95,"column":14},"end":{"line":100,"column":5}},"4":{"start":{"line":105,"column":17},"end":{"line":120,"column":5}},"5":{"start":{"line":126,"column":12},"end":{"line":126,"column":16}},"6":{"start":{"line":132,"column":20},"end":{"line":132,"column":24}},"7":{"start":{"line":138,"column":18},"end":{"line":138,"column":62}},"8":{"start":{"line":149,"column":24},"end":{"line":149,"column":26}},"9":{"start":{"line":155,"column":22},"end":{"line":155,"column":24}},"10":{"start":{"line":161,"column":34},"end":{"line":161,"column":36}},"11":{"start":{"line":167,"column":26},"end":{"line":167,"column":28}},"12":{"start":{"line":174,"column":8},"end":{"line":174,"column":54}},"13":{"start":{"line":176,"column":8},"end":{"line":176,"column":30}},"14":{"start":{"line":179,"column":8},"end":{"line":198,"column":9}},"15":{"start":{"line":180,"column":12},"end":{"line":181,"column":66}},"16":{"start":{"line":181,"column":16},"end":{"line":181,"column":66}},"17":{"start":{"line":182,"column":12},"end":{"line":182,"column":38}},"18":{"start":{"line":184,"column":30},"end":{"line":184,"column":34}},"19":{"start":{"line":186,"column":12},"end":{"line":191,"column":21}},"20":{"start":{"line":187,"column":16},"end":{"line":190,"column":72}},"21":{"start":{"line":188,"column":20},"end":{"line":190,"column":72}},"22":{"start":{"line":193,"column":12},"end":{"line":197,"column":21}},"23":{"start":{"line":194,"column":16},"end":{"line":196,"column":54}},"24":{"start":{"line":195,"column":20},"end":{"line":196,"column":54}},"25":{"start":{"line":207,"column":8},"end":{"line":208,"column":56}},"26":{"start":{"line":208,"column":12},"end":{"line":208,"column":56}},"27":{"start":{"line":209,"column":8},"end":{"line":209,"column":45}},"28":{"start":{"line":210,"column":8},"end":{"line":210,"column":19}},"29":{"start":{"line":219,"column":8},"end":{"line":220,"column":56}},"30":{"start":{"line":220,"column":12},"end":{"line":220,"column":56}},"31":{"start":{"line":221,"column":8},"end":{"line":221,"column":43}},"32":{"start":{"line":222,"column":8},"end":{"line":222,"column":19}},"33":{"start":{"line":231,"column":8},"end":{"line":232,"column":56}},"34":{"start":{"line":232,"column":12},"end":{"line":232,"column":56}},"35":{"start":{"line":233,"column":8},"end":{"line":233,"column":41}},"36":{"start":{"line":234,"column":8},"end":{"line":234,"column":19}},"37":{"start":{"line":245,"column":8},"end":{"line":247,"column":79}},"38":{"start":{"line":246,"column":12},"end":{"line":247,"column":79}},"39":{"start":{"line":247,"column":16},"end":{"line":247,"column":79}},"40":{"start":{"line":248,"column":8},"end":{"line":248,"column":19}},"41":{"start":{"line":259,"column":8},"end":{"line":261,"column":77}},"42":{"start":{"line":260,"column":12},"end":{"line":261,"column":77}},"43":{"start":{"line":261,"column":16},"end":{"line":261,"column":77}},"44":{"start":{"line":262,"column":8},"end":{"line":262,"column":19}},"45":{"start":{"line":271,"column":8},"end":{"line":272,"column":58}},"46":{"start":{"line":272,"column":12},"end":{"line":272,"column":58}},"47":{"start":{"line":273,"column":8},"end":{"line":273,"column":66}},"48":{"start":{"line":282,"column":8},"end":{"line":283,"column":58}},"49":{"start":{"line":283,"column":12},"end":{"line":283,"column":58}},"50":{"start":{"line":284,"column":8},"end":{"line":284,"column":79}},"51":{"start":{"line":291,"column":8},"end":{"line":291,"column":33}},"52":{"start":{"line":292,"column":8},"end":{"line":292,"column":30}},"53":{"start":{"line":299,"column":8},"end":{"line":299,"column":34}},"54":{"start":{"line":306,"column":8},"end":{"line":307,"column":18}},"55":{"start":{"line":307,"column":12},"end":{"line":307,"column":18}},"56":{"start":{"line":309,"column":8},"end":{"line":309,"column":21}},"57":{"start":{"line":310,"column":8},"end":{"line":310,"column":59}},"58":{"start":{"line":310,"column":36},"end":{"line":310,"column":58}},"59":{"start":{"line":317,"column":8},"end":{"line":318,"column":18}},"60":{"start":{"line":318,"column":12},"end":{"line":318,"column":18}},"61":{"start":{"line":320,"column":8},"end":{"line":320,"column":58}},"62":{"start":{"line":322,"column":8},"end":{"line":352,"column":9}},"63":{"start":{"line":322,"column":21},"end":{"line":322,"column":22}},"64":{"start":{"line":323,"column":27},"end":{"line":323,"column":42}},"65":{"start":{"line":324,"column":35},"end":{"line":324,"column":94}},"66":{"start":{"line":326,"column":12},"end":{"line":326,"column":35}},"67":{"start":{"line":328,"column":12},"end":{"line":329,"column":24}},"68":{"start":{"line":329,"column":16},"end":{"line":329,"column":24}},"69":{"start":{"line":331,"column":12},"end":{"line":351,"column":13}},"70":{"start":{"line":332,"column":16},"end":{"line":350,"column":17}},"71":{"start":{"line":334,"column":38},"end":{"line":334,"column":77}},"72":{"start":{"line":335,"column":20},"end":{"line":335,"column":57}},"73":{"start":{"line":335,"column":49},"end":{"line":335,"column":57}},"74":{"start":{"line":338,"column":20},"end":{"line":340,"column":21}},"75":{"start":{"line":339,"column":24},"end":{"line":339,"column":95}},"76":{"start":{"line":341,"column":34},"end":{"line":341,"column":69}},"77":{"start":{"line":343,"column":20},"end":{"line":349,"column":21}},"78":{"start":{"line":344,"column":24},"end":{"line":344,"column":74}},"79":{"start":{"line":345,"column":24},"end":{"line":345,"column":66}},"80":{"start":{"line":347,"column":24},"end":{"line":347,"column":90}},"81":{"start":{"line":348,"column":24},"end":{"line":348,"column":58}},"82":{"start":{"line":355,"column":8},"end":{"line":374,"column":9}},"83":{"start":{"line":356,"column":12},"end":{"line":373,"column":13}},"84":{"start":{"line":357,"column":16},"end":{"line":372,"column":17}},"85":{"start":{"line":358,"column":20},"end":{"line":361,"column":21}},"86":{"start":{"line":359,"column":24},"end":{"line":359,"column":61}},"87":{"start":{"line":360,"column":24},"end":{"line":360,"column":30}},"88":{"start":{"line":363,"column":20},"end":{"line":371,"column":21}},"89":{"start":{"line":366,"column":24},"end":{"line":366,"column":64}},"90":{"start":{"line":367,"column":27},"end":{"line":371,"column":21}},"91":{"start":{"line":370,"column":24},"end":{"line":370,"column":62}},"92":{"start":{"line":382,"column":8},"end":{"line":382,"column":61}},"93":{"start":{"line":389,"column":40},"end":{"line":389,"column":65}},"94":{"start":{"line":391,"column":8},"end":{"line":397,"column":9}},"95":{"start":{"line":392,"column":12},"end":{"line":393,"column":85}},"96":{"start":{"line":393,"column":16},"end":{"line":393,"column":85}},"97":{"start":{"line":395,"column":12},"end":{"line":395,"column":70}},"98":{"start":{"line":396,"column":12},"end":{"line":396,"column":31}},"99":{"start":{"line":399,"column":8},"end":{"line":399,"column":63}},"100":{"start":{"line":399,"column":36},"end":{"line":399,"column":62}},"101":{"start":{"line":407,"column":8},"end":{"line":408,"column":38}},"102":{"start":{"line":408,"column":12},"end":{"line":408,"column":38}},"103":{"start":{"line":410,"column":8},"end":{"line":482,"column":9}},"104":{"start":{"line":411,"column":12},"end":{"line":411,"column":62}},"105":{"start":{"line":413,"column":12},"end":{"line":415,"column":47}},"106":{"start":{"line":413,"column":25},"end":{"line":413,"column":26}},"107":{"start":{"line":414,"column":16},"end":{"line":415,"column":47}},"108":{"start":{"line":415,"column":20},"end":{"line":415,"column":47}},"109":{"start":{"line":417,"column":12},"end":{"line":479,"column":13}},"110":{"start":{"line":418,"column":16},"end":{"line":478,"column":17}},"111":{"start":{"line":419,"column":35},"end":{"line":419,"column":50}},"112":{"start":{"line":422,"column":20},"end":{"line":431,"column":21}},"113":{"start":{"line":423,"column":24},"end":{"line":430,"column":25}},"114":{"start":{"line":424,"column":28},"end":{"line":424,"column":52}},"115":{"start":{"line":426,"column":28},"end":{"line":428,"column":29}},"116":{"start":{"line":427,"column":32},"end":{"line":427,"column":102}},"117":{"start":{"line":429,"column":28},"end":{"line":429,"column":33}},"118":{"start":{"line":433,"column":20},"end":{"line":471,"column":21}},"119":{"start":{"line":434,"column":24},"end":{"line":441,"column":25}},"120":{"start":{"line":435,"column":28},"end":{"line":440,"column":29}},"121":{"start":{"line":436,"column":32},"end":{"line":436,"column":56}},"122":{"start":{"line":437,"column":32},"end":{"line":439,"column":33}},"123":{"start":{"line":438,"column":36},"end":{"line":438,"column":106}},"124":{"start":{"line":444,"column":24},"end":{"line":454,"column":25}},"125":{"start":{"line":445,"column":28},"end":{"line":453,"column":29}},"126":{"start":{"line":446,"column":32},"end":{"line":452,"column":33}},"127":{"start":{"line":447,"column":36},"end":{"line":447,"column":64}},"128":{"start":{"line":448,"column":36},"end":{"line":450,"column":37}},"129":{"start":{"line":449,"column":40},"end":{"line":449,"column":147}},"130":{"start":{"line":451,"column":36},"end":{"line":451,"column":41}},"131":{"start":{"line":456,"column":24},"end":{"line":470,"column":25}},"132":{"start":{"line":457,"column":28},"end":{"line":463,"column":29}},"133":{"start":{"line":458,"column":32},"end":{"line":462,"column":33}},"134":{"start":{"line":459,"column":36},"end":{"line":459,"column":144}},"135":{"start":{"line":461,"column":36},"end":{"line":461,"column":143}},"136":{"start":{"line":465,"column":28},"end":{"line":465,"column":84}},"137":{"start":{"line":467,"column":28},"end":{"line":469,"column":29}},"138":{"start":{"line":468,"column":32},"end":{"line":468,"column":102}},"139":{"start":{"line":474,"column":20},"end":{"line":474,"column":55}},"140":{"start":{"line":477,"column":20},"end":{"line":477,"column":43}},"141":{"start":{"line":480,"column":15},"end":{"line":482,"column":9}},"142":{"start":{"line":481,"column":12},"end":{"line":481,"column":74}},"143":{"start":{"line":485,"column":8},"end":{"line":488,"column":9}},"144":{"start":{"line":486,"column":18},"end":{"line":486,"column":70}},"145":{"start":{"line":486,"column":61},"end":{"line":486,"column":69}}},"fnMap":{"0":{"name":"(anonymous_0)","decl":{"start":{"line":79,"column":4},"end":{"line":79,"column":5}},"loc":{"start":{"line":79,"column":26},"end":{"line":81,"column":5}},"line":79},"1":{"name":"(anonymous_1)","decl":{"start":{"line":87,"column":4},"end":{"line":87,"column":5}},"loc":{"start":{"line":87,"column":31},"end":{"line":89,"column":5}},"line":87},"2":{"name":"(anonymous_2)","decl":{"start":{"line":173,"column":4},"end":{"line":173,"column":5}},"loc":{"start":{"line":173,"column":38},"end":{"line":199,"column":5}},"line":173},"3":{"name":"(anonymous_3)","decl":{"start":{"line":186,"column":56},"end":{"line":186,"column":57}},"loc":{"start":{"line":186,"column":69},"end":{"line":191,"column":13}},"line":186},"4":{"name":"(anonymous_4)","decl":{"start":{"line":193,"column":59},"end":{"line":193,"column":60}},"loc":{"start":{"line":193,"column":72},"end":{"line":197,"column":13}},"line":193},"5":{"name":"(anonymous_5)","decl":{"start":{"line":206,"column":4},"end":{"line":206,"column":5}},"loc":{"start":{"line":206,"column":28},"end":{"line":211,"column":5}},"line":206},"6":{"name":"(anonymous_6)","decl":{"start":{"line":218,"column":4},"end":{"line":218,"column":5}},"loc":{"start":{"line":218,"column":26},"end":{"line":223,"column":5}},"line":218},"7":{"name":"(anonymous_7)","decl":{"start":{"line":230,"column":4},"end":{"line":230,"column":5}},"loc":{"start":{"line":230,"column":24},"end":{"line":235,"column":5}},"line":230},"8":{"name":"(anonymous_8)","decl":{"start":{"line":244,"column":4},"end":{"line":244,"column":5}},"loc":{"start":{"line":244,"column":49},"end":{"line":249,"column":5}},"line":244},"9":{"name":"(anonymous_9)","decl":{"start":{"line":258,"column":4},"end":{"line":258,"column":5}},"loc":{"start":{"line":258,"column":47},"end":{"line":263,"column":5}},"line":258},"10":{"name":"(anonymous_10)","decl":{"start":{"line":270,"column":4},"end":{"line":270,"column":5}},"loc":{"start":{"line":270,"column":22},"end":{"line":274,"column":5}},"line":270},"11":{"name":"(anonymous_11)","decl":{"start":{"line":281,"column":4},"end":{"line":281,"column":5}},"loc":{"start":{"line":281,"column":24},"end":{"line":285,"column":5}},"line":281},"12":{"name":"(anonymous_12)","decl":{"start":{"line":290,"column":4},"end":{"line":290,"column":5}},"loc":{"start":{"line":290,"column":23},"end":{"line":293,"column":5}},"line":290},"13":{"name":"(anonymous_13)","decl":{"start":{"line":298,"column":4},"end":{"line":298,"column":5}},"loc":{"start":{"line":298,"column":22},"end":{"line":300,"column":5}},"line":298},"14":{"name":"(anonymous_14)","decl":{"start":{"line":310,"column":30},"end":{"line":310,"column":31}},"loc":{"start":{"line":310,"column":36},"end":{"line":310,"column":58}},"line":310},"15":{"name":"(anonymous_15)","decl":{"start":{"line":316,"column":4},"end":{"line":316,"column":5}},"loc":{"start":{"line":316,"column":14},"end":{"line":375,"column":5}},"line":316},"16":{"name":"(anonymous_16)","decl":{"start":{"line":381,"column":4},"end":{"line":381,"column":5}},"loc":{"start":{"line":381,"column":28},"end":{"line":383,"column":5}},"line":381},"17":{"name":"(anonymous_17)","decl":{"start":{"line":388,"column":4},"end":{"line":388,"column":5}},"loc":{"start":{"line":388,"column":27},"end":{"line":400,"column":5}},"line":388},"18":{"name":"(anonymous_18)","decl":{"start":{"line":399,"column":30},"end":{"line":399,"column":31}},"loc":{"start":{"line":399,"column":36},"end":{"line":399,"column":62}},"line":399},"19":{"name":"(anonymous_19)","decl":{"start":{"line":405,"column":4},"end":{"line":405,"column":5}},"loc":{"start":{"line":405,"column":20},"end":{"line":489,"column":5}},"line":405},"20":{"name":"(anonymous_20)","decl":{"start":{"line":486,"column":12},"end":{"line":486,"column":13}},"loc":{"start":{"line":486,"column":18},"end":{"line":486,"column":70}},"line":486},"21":{"name":"(anonymous_21)","decl":{"start":{"line":486,"column":51},"end":{"line":486,"column":52}},"loc":{"start":{"line":486,"column":61},"end":{"line":486,"column":69}},"line":486}},"branchMap":{"0":{"loc":{"start":{"line":173,"column":17},"end":{"line":173,"column":36}},"type":"default-arg","locations":[{"start":{"line":173,"column":27},"end":{"line":173,"column":36}}],"line":173},"1":{"loc":{"start":{"line":174,"column":21},"end":{"line":174,"column":54}},"type":"binary-expr","locations":[{"start":{"line":174,"column":21},"end":{"line":174,"column":45}},{"start":{"line":174,"column":49},"end":{"line":174,"column":54}}],"line":174},"2":{"loc":{"start":{"line":179,"column":8},"end":{"line":198,"column":9}},"type":"if","locations":[{"start":{"line":179,"column":8},"end":{"line":198,"column":9}},{"start":{},"end":{}}],"line":179},"3":{"loc":{"start":{"line":180,"column":12},"end":{"line":181,"column":66}},"type":"if","locations":[{"start":{"line":180,"column":12},"end":{"line":181,"column":66}},{"start":{},"end":{}}],"line":180},"4":{"loc":{"start":{"line":187,"column":16},"end":{"line":190,"column":72}},"type":"if","locations":[{"start":{"line":187,"column":16},"end":{"line":190,"column":72}},{"start":{},"end":{}}],"line":187},"5":{"loc":{"start":{"line":194,"column":16},"end":{"line":196,"column":54}},"type":"if","locations":[{"start":{"line":194,"column":16},"end":{"line":196,"column":54}},{"start":{},"end":{}}],"line":194},"6":{"loc":{"start":{"line":207,"column":8},"end":{"line":208,"column":56}},"type":"if","locations":[{"start":{"line":207,"column":8},"end":{"line":208,"column":56}},{"start":{},"end":{}}],"line":207},"7":{"loc":{"start":{"line":219,"column":8},"end":{"line":220,"column":56}},"type":"if","locations":[{"start":{"line":219,"column":8},"end":{"line":220,"column":56}},{"start":{},"end":{}}],"line":219},"8":{"loc":{"start":{"line":231,"column":8},"end":{"line":232,"column":56}},"type":"if","locations":[{"start":{"line":231,"column":8},"end":{"line":232,"column":56}},{"start":{},"end":{}}],"line":231},"9":{"loc":{"start":{"line":246,"column":12},"end":{"line":247,"column":79}},"type":"if","locations":[{"start":{"line":246,"column":12},"end":{"line":247,"column":79}},{"start":{},"end":{}}],"line":246},"10":{"loc":{"start":{"line":260,"column":12},"end":{"line":261,"column":77}},"type":"if","locations":[{"start":{"line":260,"column":12},"end":{"line":261,"column":77}},{"start":{},"end":{}}],"line":260},"11":{"loc":{"start":{"line":271,"column":8},"end":{"line":272,"column":58}},"type":"if","locations":[{"start":{"line":271,"column":8},"end":{"line":272,"column":58}},{"start":{},"end":{}}],"line":271},"12":{"loc":{"start":{"line":271,"column":12},"end":{"line":271,"column":34}},"type":"binary-expr","locations":[{"start":{"line":271,"column":12},"end":{"line":271,"column":21}},{"start":{"line":271,"column":25},"end":{"line":271,"column":34}}],"line":271},"13":{"loc":{"start":{"line":282,"column":8},"end":{"line":283,"column":58}},"type":"if","locations":[{"start":{"line":282,"column":8},"end":{"line":283,"column":58}},{"start":{},"end":{}}],"line":282},"14":{"loc":{"start":{"line":282,"column":12},"end":{"line":282,"column":36}},"type":"binary-expr","locations":[{"start":{"line":282,"column":12},"end":{"line":282,"column":22}},{"start":{"line":282,"column":26},"end":{"line":282,"column":36}}],"line":282},"15":{"loc":{"start":{"line":306,"column":8},"end":{"line":307,"column":18}},"type":"if","locations":[{"start":{"line":306,"column":8},"end":{"line":307,"column":18}},{"start":{},"end":{}}],"line":306},"16":{"loc":{"start":{"line":317,"column":8},"end":{"line":318,"column":18}},"type":"if","locations":[{"start":{"line":317,"column":8},"end":{"line":318,"column":18}},{"start":{},"end":{}}],"line":317},"17":{"loc":{"start":{"line":328,"column":12},"end":{"line":329,"column":24}},"type":"if","locations":[{"start":{"line":328,"column":12},"end":{"line":329,"column":24}},{"start":{},"end":{}}],"line":328},"18":{"loc":{"start":{"line":328,"column":16},"end":{"line":328,"column":99}},"type":"binary-expr","locations":[{"start":{"line":328,"column":16},"end":{"line":328,"column":55}},{"start":{"line":328,"column":59},"end":{"line":328,"column":82}},{"start":{"line":328,"column":86},"end":{"line":328,"column":99}}],"line":328},"19":{"loc":{"start":{"line":335,"column":20},"end":{"line":335,"column":57}},"type":"if","locations":[{"start":{"line":335,"column":20},"end":{"line":335,"column":57}},{"start":{},"end":{}}],"line":335},"20":{"loc":{"start":{"line":338,"column":20},"end":{"line":340,"column":21}},"type":"if","locations":[{"start":{"line":338,"column":20},"end":{"line":340,"column":21}},{"start":{},"end":{}}],"line":338},"21":{"loc":{"start":{"line":343,"column":20},"end":{"line":349,"column":21}},"type":"if","locations":[{"start":{"line":343,"column":20},"end":{"line":349,"column":21}},{"start":{"line":346,"column":27},"end":{"line":349,"column":21}}],"line":343},"22":{"loc":{"start":{"line":343,"column":24},"end":{"line":343,"column":102}},"type":"binary-expr","locations":[{"start":{"line":343,"column":24},"end":{"line":343,"column":57}},{"start":{"line":343,"column":61},"end":{"line":343,"column":102}}],"line":343},"23":{"loc":{"start":{"line":347,"column":39},"end":{"line":347,"column":90}},"type":"binary-expr","locations":[{"start":{"line":347,"column":39},"end":{"line":347,"column":81}},{"start":{"line":347,"column":85},"end":{"line":347,"column":90}}],"line":347},"24":{"loc":{"start":{"line":348,"column":38},"end":{"line":348,"column":58}},"type":"cond-expr","locations":[{"start":{"line":348,"column":53},"end":{"line":348,"column":54}},{"start":{"line":348,"column":57},"end":{"line":348,"column":58}}],"line":348},"25":{"loc":{"start":{"line":358,"column":20},"end":{"line":361,"column":21}},"type":"if","locations":[{"start":{"line":358,"column":20},"end":{"line":361,"column":21}},{"start":{},"end":{}}],"line":358},"26":{"loc":{"start":{"line":363,"column":20},"end":{"line":371,"column":21}},"type":"if","locations":[{"start":{"line":363,"column":20},"end":{"line":371,"column":21}},{"start":{"line":367,"column":27},"end":{"line":371,"column":21}}],"line":363},"27":{"loc":{"start":{"line":363,"column":24},"end":{"line":364,"column":76}},"type":"binary-expr","locations":[{"start":{"line":363,"column":24},"end":{"line":363,"column":86}},{"start":{"line":364,"column":24},"end":{"line":364,"column":76}}],"line":363},"28":{"loc":{"start":{"line":367,"column":27},"end":{"line":371,"column":21}},"type":"if","locations":[{"start":{"line":367,"column":27},"end":{"line":371,"column":21}},{"start":{},"end":{}}],"line":367},"29":{"loc":{"start":{"line":367,"column":31},"end":{"line":368,"column":77}},"type":"binary-expr","locations":[{"start":{"line":367,"column":31},"end":{"line":367,"column":92}},{"start":{"line":368,"column":24},"end":{"line":368,"column":77}}],"line":367},"30":{"loc":{"start":{"line":391,"column":8},"end":{"line":397,"column":9}},"type":"if","locations":[{"start":{"line":391,"column":8},"end":{"line":397,"column":9}},{"start":{},"end":{}}],"line":391},"31":{"loc":{"start":{"line":392,"column":12},"end":{"line":393,"column":85}},"type":"if","locations":[{"start":{"line":392,"column":12},"end":{"line":393,"column":85}},{"start":{},"end":{}}],"line":392},"32":{"loc":{"start":{"line":410,"column":8},"end":{"line":482,"column":9}},"type":"if","locations":[{"start":{"line":410,"column":8},"end":{"line":482,"column":9}},{"start":{"line":480,"column":15},"end":{"line":482,"column":9}}],"line":410},"33":{"loc":{"start":{"line":414,"column":16},"end":{"line":415,"column":47}},"type":"if","locations":[{"start":{"line":414,"column":16},"end":{"line":415,"column":47}},{"start":{},"end":{}}],"line":414},"34":{"loc":{"start":{"line":418,"column":16},"end":{"line":478,"column":17}},"type":"if","locations":[{"start":{"line":418,"column":16},"end":{"line":478,"column":17}},{"start":{},"end":{}}],"line":418},"35":{"loc":{"start":{"line":423,"column":24},"end":{"line":430,"column":25}},"type":"if","locations":[{"start":{"line":423,"column":24},"end":{"line":430,"column":25}},{"start":{},"end":{}}],"line":423},"36":{"loc":{"start":{"line":423,"column":28},"end":{"line":423,"column":159}},"type":"binary-expr","locations":[{"start":{"line":423,"column":28},"end":{"line":423,"column":111}},{"start":{"line":423,"column":115},"end":{"line":423,"column":159}}],"line":423},"37":{"loc":{"start":{"line":426,"column":28},"end":{"line":428,"column":29}},"type":"if","locations":[{"start":{"line":426,"column":28},"end":{"line":428,"column":29}},{"start":{},"end":{}}],"line":426},"38":{"loc":{"start":{"line":433,"column":20},"end":{"line":471,"column":21}},"type":"if","locations":[{"start":{"line":433,"column":20},"end":{"line":471,"column":21}},{"start":{},"end":{}}],"line":433},"39":{"loc":{"start":{"line":435,"column":28},"end":{"line":440,"column":29}},"type":"if","locations":[{"start":{"line":435,"column":28},"end":{"line":440,"column":29}},{"start":{},"end":{}}],"line":435},"40":{"loc":{"start":{"line":437,"column":32},"end":{"line":439,"column":33}},"type":"if","locations":[{"start":{"line":437,"column":32},"end":{"line":439,"column":33}},{"start":{},"end":{}}],"line":437},"41":{"loc":{"start":{"line":444,"column":24},"end":{"line":454,"column":25}},"type":"if","locations":[{"start":{"line":444,"column":24},"end":{"line":454,"column":25}},{"start":{},"end":{}}],"line":444},"42":{"loc":{"start":{"line":446,"column":32},"end":{"line":452,"column":33}},"type":"if","locations":[{"start":{"line":446,"column":32},"end":{"line":452,"column":33}},{"start":{},"end":{}}],"line":446},"43":{"loc":{"start":{"line":448,"column":36},"end":{"line":450,"column":37}},"type":"if","locations":[{"start":{"line":448,"column":36},"end":{"line":450,"column":37}},{"start":{},"end":{}}],"line":448},"44":{"loc":{"start":{"line":456,"column":24},"end":{"line":470,"column":25}},"type":"if","locations":[{"start":{"line":456,"column":24},"end":{"line":470,"column":25}},{"start":{},"end":{}}],"line":456},"45":{"loc":{"start":{"line":456,"column":28},"end":{"line":456,"column":115}},"type":"binary-expr","locations":[{"start":{"line":456,"column":28},"end":{"line":456,"column":74}},{"start":{"line":456,"column":78},"end":{"line":456,"column":115}}],"line":456},"46":{"loc":{"start":{"line":457,"column":28},"end":{"line":463,"column":29}},"type":"if","locations":[{"start":{"line":457,"column":28},"end":{"line":463,"column":29}},{"start":{},"end":{}}],"line":457},"47":{"loc":{"start":{"line":458,"column":32},"end":{"line":462,"column":33}},"type":"if","locations":[{"start":{"line":458,"column":32},"end":{"line":462,"column":33}},{"start":{"line":460,"column":39},"end":{"line":462,"column":33}}],"line":458},"48":{"loc":{"start":{"line":467,"column":28},"end":{"line":469,"column":29}},"type":"if","locations":[{"start":{"line":467,"column":28},"end":{"line":469,"column":29}},{"start":{},"end":{}}],"line":467},"49":{"loc":{"start":{"line":480,"column":15},"end":{"line":482,"column":9}},"type":"if","locations":[{"start":{"line":480,"column":15},"end":{"line":482,"column":9}},{"start":{},"end":{}}],"line":480}},"s":{"0":1,"1":0,"2":0,"3":0,"4":0,"5":0,"6":0,"7":0,"8":0,"9":0,"10":0,"11":0,"12":0,"13":0,"14":0,"15":0,"16":0,"17":0,"18":0,"19":0,"20":0,"21":0,"22":0,"23":0,"24":0,"25":0,"26":0,"27":0,"28":0,"29":0,"30":0,"31":0,"32":0,"33":0,"34":0,"35":0,"36":0,"37":0,"38":0,"39":0,"40":0,"41":0,"42":0,"43":0,"44":0,"45":0,"46":0,"47":0,"48":0,"49":0,"50":0,"51":0,"52":0,"53":0,"54":0,"55":0,"56":0,"57":0,"58":0,"59":0,"60":0,"61":0,"62":0,"63":0,"64":0,"65":0,"66":0,"67":0,"68":0,"69":0,"70":0,"71":0,"72":0,"73":0,"74":0,"75":0,"76":0,"77":0,"78":0,"79":0,"80":0,"81":0,"82":0,"83":0,"84":0,"85":0,"86":0,"87":0,"88":0,"89":0,"90":0,"91":0,"92":0,"93":0,"94":0,"95":0,"96":0,"97":0,"98":0,"99":0,"100":0,"101":0,"102":0,"103":0,"104":0,"105":0,"106":0,"107":0,"108":0,"109":0,"110":0,"111":0,"112":0,"113":0,"114":0,"115":0,"116":0,"117":0,"118":0,"119":0,"120":0,"121":0,"122":0,"123":0,"124":0,"125":0,"126":0,"127":0,"128":0,"129":0,"130":0,"131":0,"132":0,"133":0,"134":0,"135":0,"136":0,"137":0,"138":0,"139":0,"140":0,"141":0,"142":0,"143":0,"144":0,"145":0},"f":{"0":0,"1":0,"2":0,"3":0,"4":0,"5":0,"6":0,"7":0,"8":0,"9":0,"10":0,"11":0,"12":0,"13":0,"14":0,"15":0,"16":0,"17":0,"18":0,"19":0,"20":0,"21":0},"b":{"0":[0],"1":[0,0],"2":[0,0],"3":[0,0],"4":[0,0],"5":[0,0],"6":[0,0],"7":[0,0],"8":[0,0],"9":[0,0],"10":[0,0],"11":[0,0],"12":[0,0],"13":[0,0],"14":[0,0],"15":[0,0],"16":[0,0],"17":[0,0],"18":[0,0,0],"19":[0,0],"20":[0,0],"21":[0,0],"22":[0,0],"23":[0,0],"24":[0,0],"25":[0,0],"26":[0,0],"27":[0,0],"28":[0,0],"29":[0,0],"30":[0,0],"31":[0,0],"32":[0,0],"33":[0,0],"34":[0,0],"35":[0,0],"36":[0,0],"37":[0,0],"38":[0,0],"39":[0,0],"40":[0,0],"41":[0,0],"42":[0,0],"43":[0,0],"44":[0,0],"45":[0,0],"46":[0,0],"47":[0,0],"48":[0,0],"49":[0,0]},"_coverageSchema":"1a1c01bbd47fc00a2c39e90264f33305004495a9","hash":"3f1f11a1087da459ba8d4a355c84e6a6a84eb3a6"}
,"/home/runner/work/gameinputjs/gameinputjs/src/gamepad-mapping.js": {"path":"/home/runner/work/gameinputjs/gameinputjs/src/gamepad-mapping.js","statementMap":{"0":{"start":{"line":27,"column":8},"end":{"line":27,"column":24}},"1":{"start":{"line":28,"column":8},"end":{"line":28,"column":26}},"2":{"start":{"line":54,"column":8},"end":{"line":54,"column":24}},"3":{"start":{"line":55,"column":8},"end":{"line":55,"column":24}},"4":{"start":{"line":67,"column":30},"end":{"line":70,"column":1}},"5":{"start":{"line":75,"column":23},"end":{"line":76,"column":89}},"6":{"start":{"line":102,"column":8},"end":{"line":102,"column":26}},"7":{"start":{"line":103,"column":8},"end":{"line":103,"column":20}},"8":{"start":{"line":104,"column":8},"end":{"line":104,"column":24}},"9":{"start":{"line":126,"column":8},"end":{"line":126,"column":36}},"10":{"start":{"line":127,"column":8},"end":{"line":127,"column":26}},"11":{"start":{"line":148,"column":8},"end":{"line":148,"column":36}},"12":{"start":{"line":149,"column":8},"end":{"line":149,"column":34}},"13":{"start":{"line":158,"column":20},"end":{"line":158,"column":57}},"14":{"start":{"line":159,"column":8},"end":{"line":165,"column":9}},"15":{"start":{"line":160,"column":16},"end":{"line":160,"column":51}},"16":{"start":{"line":161,"column":16},"end":{"line":161,"column":51}},"17":{"start":{"line":162,"column":16},"end":{"line":162,"column":48}},"18":{"start":{"line":163,"column":16},"end":{"line":163,"column":48}},"19":{"start":{"line":164,"column":17},"end":{"line":164,"column":33}},"20":{"start":{"line":183,"column":8},"end":{"line":183,"column":86}},"21":{"start":{"line":245,"column":8},"end":{"line":245,"column":24}},"22":{"start":{"line":246,"column":8},"end":{"line":246,"column":24}},"23":{"start":{"line":247,"column":8},"end":{"line":247,"column":28}},"24":{"start":{"line":248,"column":8},"end":{"line":248,"column":32}},"25":{"start":{"line":249,"column":8},"end":{"line":249,"column":30}},"26":{"start":{"line":250,"column":8},"end":{"line":250,"column":34}},"27":{"start":{"line":251,"column":8},"end":{"line":251,"column":36}},"28":{"start":{"line":272,"column":8},"end":{"line":272,"column":24}},"29":{"start":{"line":273,"column":8},"end":{"line":274,"column":61}},"30":{"start":{"line":274,"column":12},"end":{"line":274,"column":61}},"31":{"start":{"line":275,"column":25},"end":{"line":275,"column":92}},"32":{"start":{"line":276,"column":8},"end":{"line":276,"column":23}}},"fnMap":{"0":{"name":"(anonymous_0)","decl":{"start":{"line":26,"column":4},"end":{"line":26,"column":5}},"loc":{"start":{"line":26,"column":54},"end":{"line":29,"column":5}},"line":26},"1":{"name":"(anonymous_1)","decl":{"start":{"line":53,"column":4},"end":{"line":53,"column":5}},"loc":{"start":{"line":53,"column":53},"end":{"line":56,"column":5}},"line":53},"2":{"name":"(anonymous_2)","decl":{"start":{"line":101,"column":4},"end":{"line":101,"column":5}},"loc":{"start":{"line":101,"column":88},"end":{"line":105,"column":5}},"line":101},"3":{"name":"(anonymous_3)","decl":{"start":{"line":125,"column":4},"end":{"line":125,"column":5}},"loc":{"start":{"line":125,"column":107},"end":{"line":128,"column":5}},"line":125},"4":{"name":"(anonymous_4)","decl":{"start":{"line":146,"column":4},"end":{"line":146,"column":5}},"loc":{"start":{"line":147,"column":40},"end":{"line":150,"column":5}},"line":147},"5":{"name":"(anonymous_5)","decl":{"start":{"line":157,"column":4},"end":{"line":157,"column":5}},"loc":{"start":{"line":157,"column":20},"end":{"line":166,"column":5}},"line":157},"6":{"name":"(anonymous_6)","decl":{"start":{"line":182,"column":4},"end":{"line":182,"column":5}},"loc":{"start":{"line":182,"column":24},"end":{"line":184,"column":5}},"line":182},"7":{"name":"(anonymous_7)","decl":{"start":{"line":244,"column":4},"end":{"line":244,"column":5}},"loc":{"start":{"line":244,"column":163},"end":{"line":252,"column":5}},"line":244},"8":{"name":"(anonymous_8)","decl":{"start":{"line":271,"column":4},"end":{"line":271,"column":5}},"loc":{"start":{"line":271,"column":56},"end":{"line":277,"column":5}},"line":271}},"branchMap":{"0":{"loc":{"start":{"line":26,"column":17},"end":{"line":26,"column":33}},"type":"default-arg","locations":[{"start":{"line":26,"column":24},"end":{"line":26,"column":33}}],"line":26},"1":{"loc":{"start":{"line":26,"column":35},"end":{"line":26,"column":52}},"type":"default-arg","locations":[{"start":{"line":26,"column":43},"end":{"line":26,"column":52}}],"line":26},"2":{"loc":{"start":{"line":53,"column":17},"end":{"line":53,"column":33}},"type":"default-arg","locations":[{"start":{"line":53,"column":24},"end":{"line":53,"column":33}}],"line":53},"3":{"loc":{"start":{"line":53,"column":35},"end":{"line":53,"column":51}},"type":"default-arg","locations":[{"start":{"line":53,"column":42},"end":{"line":53,"column":51}}],"line":53},"4":{"loc":{"start":{"line":75,"column":23},"end":{"line":76,"column":89}},"type":"binary-expr","locations":[{"start":{"line":75,"column":23},"end":{"line":75,"column":67}},{"start":{"line":76,"column":24},"end":{"line":76,"column":89}}],"line":75},"5":{"loc":{"start":{"line":101,"column":17},"end":{"line":101,"column":31}},"type":"default-arg","locations":[{"start":{"line":101,"column":22},"end":{"line":101,"column":31}}],"line":101},"6":{"loc":{"start":{"line":101,"column":33},"end":{"line":101,"column":50}},"type":"default-arg","locations":[{"start":{"line":101,"column":41},"end":{"line":101,"column":50}}],"line":101},"7":{"loc":{"start":{"line":101,"column":52},"end":{"line":101,"column":68}},"type":"default-arg","locations":[{"start":{"line":101,"column":59},"end":{"line":101,"column":68}}],"line":101},"8":{"loc":{"start":{"line":101,"column":70},"end":{"line":101,"column":86}},"type":"default-arg","locations":[{"start":{"line":101,"column":77},"end":{"line":101,"column":86}}],"line":101},"9":{"loc":{"start":{"line":125,"column":17},"end":{"line":125,"column":31}},"type":"default-arg","locations":[{"start":{"line":125,"column":22},"end":{"line":125,"column":31}}],"line":125},"10":{"loc":{"start":{"line":125,"column":33},"end":{"line":125,"column":50}},"type":"default-arg","locations":[{"start":{"line":125,"column":41},"end":{"line":125,"column":50}}],"line":125},"11":{"loc":{"start":{"line":125,"column":52},"end":{"line":125,"column":68}},"type":"default-arg","locations":[{"start":{"line":125,"column":59},"end":{"line":125,"column":68}}],"line":125},"12":{"loc":{"start":{"line":125,"column":70},"end":{"line":125,"column":86}},"type":"default-arg","locations":[{"start":{"line":125,"column":77},"end":{"line":125,"column":86}}],"line":125},"13":{"loc":{"start":{"line":125,"column":88},"end":{"line":125,"column":105}},"type":"default-arg","locations":[{"start":{"line":125,"column":96},"end":{"line":125,"column":105}}],"line":125},"14":{"loc":{"start":{"line":146,"column":17},"end":{"line":146,"column":31}},"type":"default-arg","locations":[{"start":{"line":146,"column":22},"end":{"line":146,"column":31}}],"line":146},"15":{"loc":{"start":{"line":146,"column":33},"end":{"line":146,"column":50}},"type":"default-arg","locations":[{"start":{"line":146,"column":41},"end":{"line":146,"column":50}}],"line":146},"16":{"loc":{"start":{"line":146,"column":52},"end":{"line":146,"column":68}},"type":"default-arg","locations":[{"start":{"line":146,"column":59},"end":{"line":146,"column":68}}],"line":146},"17":{"loc":{"start":{"line":146,"column":70},"end":{"line":146,"column":86}},"type":"default-arg","locations":[{"start":{"line":146,"column":77},"end":{"line":146,"column":86}}],"line":146},"18":{"loc":{"start":{"line":147,"column":8},"end":{"line":147,"column":38}},"type":"default-arg","locations":[{"start":{"line":147,"column":20},"end":{"line":147,"column":38}}],"line":147},"19":{"loc":{"start":{"line":159,"column":8},"end":{"line":165,"column":9}},"type":"switch","locations":[{"start":{"line":160,"column":8},"end":{"line":160,"column":51}},{"start":{"line":161,"column":8},"end":{"line":161,"column":51}},{"start":{"line":162,"column":8},"end":{"line":162,"column":48}},{"start":{"line":163,"column":8},"end":{"line":163,"column":48}},{"start":{"line":164,"column":8},"end":{"line":164,"column":33}}],"line":159},"20":{"loc":{"start":{"line":160,"column":23},"end":{"line":160,"column":51}},"type":"cond-expr","locations":[{"start":{"line":160,"column":29},"end":{"line":160,"column":38}},{"start":{"line":160,"column":41},"end":{"line":160,"column":51}}],"line":160},"21":{"loc":{"start":{"line":161,"column":23},"end":{"line":161,"column":51}},"type":"cond-expr","locations":[{"start":{"line":161,"column":29},"end":{"line":161,"column":39}},{"start":{"line":161,"column":42},"end":{"line":161,"column":51}}],"line":161},"22":{"loc":{"start":{"line":162,"column":23},"end":{"line":162,"column":48}},"type":"cond-expr","locations":[{"start":{"line":162,"column":29},"end":{"line":162,"column":38}},{"start":{"line":162,"column":41},"end":{"line":162,"column":48}}],"line":162},"23":{"loc":{"start":{"line":163,"column":23},"end":{"line":163,"column":48}},"type":"cond-expr","locations":[{"start":{"line":163,"column":29},"end":{"line":163,"column":36}},{"start":{"line":163,"column":39},"end":{"line":163,"column":48}}],"line":163},"24":{"loc":{"start":{"line":244,"column":17},"end":{"line":244,"column":33}},"type":"default-arg","locations":[{"start":{"line":244,"column":24},"end":{"line":244,"column":33}}],"line":244},"25":{"loc":{"start":{"line":244,"column":35},"end":{"line":244,"column":51}},"type":"default-arg","locations":[{"start":{"line":244,"column":42},"end":{"line":244,"column":51}}],"line":244},"26":{"loc":{"start":{"line":244,"column":53},"end":{"line":244,"column":71}},"type":"default-arg","locations":[{"start":{"line":244,"column":62},"end":{"line":244,"column":71}}],"line":244},"27":{"loc":{"start":{"line":244,"column":73},"end":{"line":244,"column":93}},"type":"default-arg","locations":[{"start":{"line":244,"column":84},"end":{"line":244,"column":93}}],"line":244},"28":{"loc":{"start":{"line":244,"column":95},"end":{"line":244,"column":114}},"type":"default-arg","locations":[{"start":{"line":244,"column":105},"end":{"line":244,"column":114}}],"line":244},"29":{"loc":{"start":{"line":244,"column":116},"end":{"line":244,"column":137}},"type":"default-arg","locations":[{"start":{"line":244,"column":128},"end":{"line":244,"column":137}}],"line":244},"30":{"loc":{"start":{"line":244,"column":139},"end":{"line":244,"column":161}},"type":"default-arg","locations":[{"start":{"line":244,"column":152},"end":{"line":244,"column":161}}],"line":244},"31":{"loc":{"start":{"line":271,"column":13},"end":{"line":271,"column":27}},"type":"default-arg","locations":[{"start":{"line":271,"column":25},"end":{"line":271,"column":27}}],"line":271},"32":{"loc":{"start":{"line":271,"column":29},"end":{"line":271,"column":54}},"type":"default-arg","locations":[{"start":{"line":271,"column":45},"end":{"line":271,"column":54}}],"line":271},"33":{"loc":{"start":{"line":273,"column":8},"end":{"line":274,"column":61}},"type":"if","locations":[{"start":{"line":273,"column":8},"end":{"line":274,"column":61}},{"start":{},"end":{}}],"line":273}},"s":{"0":462,"1":462,"2":62,"3":62,"4":4,"5":4,"6":339,"7":339,"8":339,"9":161,"10":161,"11":103,"12":103,"13":12,"14":12,"15":3,"16":3,"17":3,"18":3,"19":0,"20":0,"21":151,"22":151,"23":151,"24":151,"25":151,"26":151,"27":151,"28":148,"29":148,"30":0,"31":148,"32":148},"f":{"0":462,"1":62,"2":339,"3":161,"4":103,"5":12,"6":0,"7":151,"8":148},"b":{"0":[14],"1":[14],"2":[0],"3":[25],"4":[4,4],"5":[14],"6":[14],"7":[10],"8":[10],"9":[10],"10":[10],"11":[10],"12":[10],"13":[41],"14":[4],"15":[4],"16":[0],"17":[0],"18":[74],"19":[3,3,3,3,0],"20":[2,1],"21":[2,1],"22":[2,1],"23":[2,1],"24":[148],"25":[148],"26":[148],"27":[148],"28":[148],"29":[148],"30":[148],"31":[0],"32":[148],"33":[0,148]},"_coverageSchema":"1a1c01bbd47fc00a2c39e90264f33305004495a9","hash":"bab808e598269709b36a43320a6fd6a517c52a9c"}
,"/home/runner/work/gameinputjs/gameinputjs/src/os-detect.js": {"path":"/home/runner/work/gameinputjs/gameinputjs/src/os-detect.js","statementMap":{"0":{"start":{"line":14,"column":18},"end":{"line":20,"column":1}},"1":{"start":{"line":23,"column":0},"end":{"line":25,"column":37}},"2":{"start":{"line":24,"column":4},"end":{"line":25,"column":37}},"3":{"start":{"line":25,"column":8},"end":{"line":25,"column":37}},"4":{"start":{"line":31,"column":19},"end":{"line":31,"column":41}}},"fnMap":{},"branchMap":{"0":{"loc":{"start":{"line":24,"column":4},"end":{"line":25,"column":37}},"type":"if","locations":[{"start":{"line":24,"column":4},"end":{"line":25,"column":37}},{"start":{},"end":{}}],"line":24},"1":{"loc":{"start":{"line":31,"column":19},"end":{"line":31,"column":41}},"type":"binary-expr","locations":[{"start":{"line":31,"column":19},"end":{"line":31,"column":30}},{"start":{"line":31,"column":34},"end":{"line":31,"column":41}}],"line":31}},"s":{"0":1,"1":1,"2":5,"3":0,"4":1},"f":{},"b":{"0":[0,5],"1":[1,1]},"_coverageSchema":"1a1c01bbd47fc00a2c39e90264f33305004495a9","hash":"d82074207eaf6f8e6180a74baec6d7553350c4bf"}
,"/home/runner/work/gameinputjs/gameinputjs/src/standard-gamepad-mapping.js": {"path":"/home/runner/work/gameinputjs/gameinputjs/src/standard-gamepad-mapping.js","statementMap":{"0":{"start":{"line":4,"column":35},"end":{"line":4,"column":79}},"1":{"start":{"line":5,"column":35},"end":{"line":5,"column":69}},"2":{"start":{"line":6,"column":42},"end":{"line":6,"column":96}},"3":{"start":{"line":7,"column":37},"end":{"line":7,"column":67}},"4":{"start":{"line":8,"column":39},"end":{"line":8,"column":65}},"5":{"start":{"line":9,"column":38},"end":{"line":9,"column":64}},"6":{"start":{"line":10,"column":40},"end":{"line":16,"column":1}},"7":{"start":{"line":17,"column":41},"end":{"line":23,"column":1}},"8":{"start":{"line":28,"column":38},"end":{"line":36,"column":1}},"9":{"start":{"line":41,"column":45},"end":{"line":42,"column":50}},"10":{"start":{"line":44,"column":33},"end":{"line":44,"column":73}},"11":{"start":{"line":46,"column":38},"end":{"line":50,"column":6}},"12":{"start":{"line":52,"column":41},"end":{"line":70,"column":2}},"13":{"start":{"line":72,"column":46},"end":{"line":74,"column":2}}},"fnMap":{},"branchMap":{},"s":{"0":3,"1":3,"2":3,"3":3,"4":3,"5":3,"6":3,"7":3,"8":3,"9":3,"10":3,"11":3,"12":3,"13":3},"f":{},"b":{},"_coverageSchema":"1a1c01bbd47fc00a2c39e90264f33305004495a9","hash":"45db8c873a6147c4eb145df91d2d60ac93d29303"}
,"/home/runner/work/gameinputjs/gameinputjs/src/vector2.js": {"path":"/home/runner/work/gameinputjs/gameinputjs/src/vector2.js","statementMap":{"0":{"start":{"line":11,"column":8},"end":{"line":11,"column":18}},"1":{"start":{"line":12,"column":8},"end":{"line":12,"column":18}},"2":{"start":{"line":21,"column":8},"end":{"line":21,"column":23}},"3":{"start":{"line":22,"column":8},"end":{"line":22,"column":23}},"4":{"start":{"line":30,"column":8},"end":{"line":30,"column":42}},"5":{"start":{"line":39,"column":8},"end":{"line":39,"column":64}},"6":{"start":{"line":48,"column":8},"end":{"line":48,"column":64}},"7":{"start":{"line":57,"column":8},"end":{"line":57,"column":60}},"8":{"start":{"line":66,"column":8},"end":{"line":66,"column":54}},"9":{"start":{"line":76,"column":8},"end":{"line":76,"column":26}},"10":{"start":{"line":77,"column":21},"end":{"line":77,"column":42}},"11":{"start":{"line":78,"column":8},"end":{"line":78,"column":38}},"12":{"start":{"line":86,"column":8},"end":{"line":86,"column":45}},"13":{"start":{"line":94,"column":8},"end":{"line":94,"column":50}},"14":{"start":{"line":103,"column":8},"end":{"line":103,"column":50}},"15":{"start":{"line":112,"column":23},"end":{"line":112,"column":40}},"16":{"start":{"line":113,"column":23},"end":{"line":113,"column":40}},"17":{"start":{"line":114,"column":8},"end":{"line":114,"column":50}},"18":{"start":{"line":122,"column":20},"end":{"line":122,"column":36}},"19":{"start":{"line":123,"column":23},"end":{"line":123,"column":35}},"20":{"start":{"line":124,"column":8},"end":{"line":130,"column":9}},"21":{"start":{"line":125,"column":12},"end":{"line":125,"column":24}},"22":{"start":{"line":126,"column":12},"end":{"line":126,"column":24}},"23":{"start":{"line":128,"column":12},"end":{"line":128,"column":27}},"24":{"start":{"line":129,"column":12},"end":{"line":129,"column":27}},"25":{"start":{"line":131,"column":8},"end":{"line":131,"column":21}},"26":{"start":{"line":139,"column":8},"end":{"line":139,"column":41}},"27":{"start":{"line":148,"column":20},"end":{"line":148,"column":35}},"28":{"start":{"line":149,"column":20},"end":{"line":149,"column":35}},"29":{"start":{"line":150,"column":23},"end":{"line":150,"column":36}},"30":{"start":{"line":151,"column":8},"end":{"line":151,"column":46}},"31":{"start":{"line":152,"column":8},"end":{"line":152,"column":46}},"32":{"start":{"line":153,"column":8},"end":{"line":153,"column":21}},"33":{"start":{"line":162,"column":23},"end":{"line":162,"column":35}},"34":{"start":{"line":163,"column":8},"end":{"line":163,"column":58}},"35":{"start":{"line":164,"column":8},"end":{"line":164,"column":58}},"36":{"start":{"line":165,"column":8},"end":{"line":165,"column":21}},"37":{"start":{"line":173,"column":23},"end":{"line":173,"column":42}},"38":{"start":{"line":174,"column":8},"end":{"line":174,"column":55}}},"fnMap":{"0":{"name":"(anonymous_0)","decl":{"start":{"line":10,"column":4},"end":{"line":10,"column":5}},"loc":{"start":{"line":10,"column":31},"end":{"line":13,"column":5}},"line":10},"1":{"name":"(anonymous_1)","decl":{"start":{"line":20,"column":4},"end":{"line":20,"column":5}},"loc":{"start":{"line":20,"column":15},"end":{"line":23,"column":5}},"line":20},"2":{"name":"(anonymous_2)","decl":{"start":{"line":29,"column":4},"end":{"line":29,"column":5}},"loc":{"start":{"line":29,"column":13},"end":{"line":31,"column":5}},"line":29},"3":{"name":"(anonymous_3)","decl":{"start":{"line":38,"column":4},"end":{"line":38,"column":5}},"loc":{"start":{"line":38,"column":17},"end":{"line":40,"column":5}},"line":38},"4":{"name":"(anonymous_4)","decl":{"start":{"line":47,"column":4},"end":{"line":47,"column":5}},"loc":{"start":{"line":47,"column":22},"end":{"line":49,"column":5}},"line":47},"5":{"name":"(anonymous_5)","decl":{"start":{"line":56,"column":4},"end":{"line":56,"column":5}},"loc":{"start":{"line":56,"column":19},"end":{"line":58,"column":5}},"line":56},"6":{"name":"(anonymous_6)","decl":{"start":{"line":65,"column":4},"end":{"line":65,"column":5}},"loc":{"start":{"line":65,"column":17},"end":{"line":67,"column":5}},"line":65},"7":{"name":"(anonymous_7)","decl":{"start":{"line":75,"column":4},"end":{"line":75,"column":5}},"loc":{"start":{"line":75,"column":28},"end":{"line":79,"column":5}},"line":75},"8":{"name":"(anonymous_8)","decl":{"start":{"line":85,"column":4},"end":{"line":85,"column":5}},"loc":{"start":{"line":85,"column":17},"end":{"line":87,"column":5}},"line":85},"9":{"name":"(anonymous_9)","decl":{"start":{"line":93,"column":4},"end":{"line":93,"column":5}},"loc":{"start":{"line":93,"column":20},"end":{"line":95,"column":5}},"line":93},"10":{"name":"(anonymous_10)","decl":{"start":{"line":102,"column":4},"end":{"line":102,"column":5}},"loc":{"start":{"line":102,"column":22},"end":{"line":104,"column":5}},"line":102},"11":{"name":"(anonymous_11)","decl":{"start":{"line":111,"column":4},"end":{"line":111,"column":5}},"loc":{"start":{"line":111,"column":25},"end":{"line":115,"column":5}},"line":111},"12":{"name":"(anonymous_12)","decl":{"start":{"line":121,"column":4},"end":{"line":121,"column":5}},"loc":{"start":{"line":121,"column":17},"end":{"line":132,"column":5}},"line":121},"13":{"name":"(anonymous_13)","decl":{"start":{"line":138,"column":4},"end":{"line":138,"column":5}},"loc":{"start":{"line":138,"column":13},"end":{"line":140,"column":5}},"line":138},"14":{"name":"(anonymous_14)","decl":{"start":{"line":147,"column":4},"end":{"line":147,"column":5}},"loc":{"start":{"line":147,"column":19},"end":{"line":154,"column":5}},"line":147},"15":{"name":"(anonymous_15)","decl":{"start":{"line":161,"column":4},"end":{"line":161,"column":5}},"loc":{"start":{"line":161,"column":28},"end":{"line":166,"column":5}},"line":161},"16":{"name":"(anonymous_16)","decl":{"start":{"line":172,"column":4},"end":{"line":172,"column":5}},"loc":{"start":{"line":172,"column":16},"end":{"line":175,"column":5}},"line":172}},"branchMap":{"0":{"loc":{"start":{"line":10,"column":17},"end":{"line":10,"column":22}},"type":"default-arg","locations":[{"start":{"line":10,"column":21},"end":{"line":10,"column":22}}],"line":10},"1":{"loc":{"start":{"line":10,"column":24},"end":{"line":10,"column":29}},"type":"default-arg","locations":[{"start":{"line":10,"column":28},"end":{"line":10,"column":29}}],"line":10},"2":{"loc":{"start":{"line":21,"column":17},"end":{"line":21,"column":23}},"type":"binary-expr","locations":[{"start":{"line":21,"column":17},"end":{"line":21,"column":18}},{"start":{"line":21,"column":22},"end":{"line":21,"column":23}}],"line":21},"3":{"loc":{"start":{"line":22,"column":17},"end":{"line":22,"column":23}},"type":"binary-expr","locations":[{"start":{"line":22,"column":17},"end":{"line":22,"column":18}},{"start":{"line":22,"column":22},"end":{"line":22,"column":23}}],"line":22},"4":{"loc":{"start":{"line":124,"column":8},"end":{"line":130,"column":9}},"type":"if","locations":[{"start":{"line":124,"column":8},"end":{"line":130,"column":9}},{"start":{"line":127,"column":15},"end":{"line":130,"column":9}}],"line":124}},"s":{"0":0,"1":0,"2":0,"3":0,"4":0,"5":0,"6":0,"7":0,"8":0,"9":0,"10":0,"11":0,"12":0,"13":0,"14":0,"15":0,"16":0,"17":0,"18":0,"19":0,"20":0,"21":0,"22":0,"23":0,"24":0,"25":0,"26":0,"27":0,"28":0,"29":0,"30":0,"31":0,"32":0,"33":0,"34":0,"35":0,"36":0,"37":0,"38":0},"f":{"0":0,"1":0,"2":0,"3":0,"4":0,"5":0,"6":0,"7":0,"8":0,"9":0,"10":0,"11":0,"12":0,"13":0,"14":0,"15":0,"16":0},"b":{"0":[0],"1":[0],"2":[0,0],"3":[0,0],"4":[0,0]},"_coverageSchema":"1a1c01bbd47fc00a2c39e90264f33305004495a9","hash":"f1f76fd7f6f3721c9894cd8841508cb465f88c96"}
}
