TN:
SF:src/axis-as-button.js
FN:36,(anonymous_0)
FN:54,(anonymous_1)
FNF:2
FNH:1
FNDA:866,(anonymous_0)
FNDA:0,(anonymous_1)
DA:37,866
DA:38,866
DA:40,866
DA:41,866
DA:42,866
DA:44,866
DA:45,866
DA:46,866
DA:55,0
DA:56,0
DA:57,0
DA:58,0
DA:59,0
LF:13
LH:8
BRDA:36,0,0,866
BRDA:36,1,0,866
BRDA:38,2,0,372
BRDA:38,2,1,494
BRDA:40,3,0,866
BRDA:40,3,1,0
BRDA:42,4,0,494
BRDA:42,4,1,372
BRDA:44,5,0,866
BRDA:44,5,1,0
BRDA:46,6,0,494
BRDA:46,6,1,372
BRDA:55,7,0,0
BRDA:55,7,1,0
BRDA:57,8,0,0
BRDA:57,8,1,0
BRF:16
BRH:10
end_of_record
TN:
SF:src/combined-axis-as-button.js
FN:10,roundF
FN:30,(anonymous_1)
FN:52,(anonymous_2)
FN:63,(anonymous_3)
FNF:4
FNH:4
FNDA:33,roundF
FNDA:10,(anonymous_1)
FNDA:44,(anonymous_2)
FNDA:12,(anonymous_3)
DA:11,33
DA:12,33
DA:31,10
DA:53,44
DA:55,44
DA:64,12
DA:65,12
DA:67,3
DA:69,3
DA:71,3
DA:73,3
DA:75,0
LF:12
LH:11
BRDA:10,0,0,33
BRDA:65,1,0,3
BRDA:65,1,1,3
BRDA:65,1,2,3
BRDA:65,1,3,3
BRDA:65,1,4,0
BRDA:69,2,0,3
BRDA:69,2,1,3
BRDA:71,3,0,3
BRDA:71,3,1,3
BRDA:73,4,0,3
BRDA:73,4,1,3
BRF:12
BRH:11
end_of_record
TN:
SF:src/gameinput-model.js
FN:34,(anonymous_0)
FN:56,(anonymous_1)
FN:66,(anonymous_2)
FNF:3
FNH:3
FNDA:221,(anonymous_0)
FNDA:3,(anonymous_1)
FNDA:16,(anonymous_2)
DA:13,3
DA:16,3
DA:17,3
DA:18,3
DA:21,3
DA:22,3
DA:23,3
DA:24,3
DA:35,221
DA:36,221
DA:37,221
DA:38,221
DA:39,221
DA:40,221
DA:42,221
DA:43,221
DA:44,210
DA:45,210
DA:46,210
DA:47,210
DA:57,3
DA:58,2
DA:67,16
DA:68,15
DA:69,15
DA:70,14
DA:71,14
LF:27
LH:27
BRDA:34,0,0,3
BRDA:34,1,0,67
BRDA:34,2,0,65
BRDA:39,3,0,221
BRDA:39,3,1,65
BRDA:43,4,0,210
BRDA:43,4,1,11
BRDA:44,5,0,210
BRDA:44,5,1,113
BRDA:45,6,0,210
BRDA:45,6,1,113
BRDA:46,7,0,210
BRDA:46,7,1,113
BRDA:57,8,0,1
BRDA:57,8,1,2
BRDA:67,9,0,1
BRDA:67,9,1,15
BRDA:69,10,0,1
BRDA:69,10,1,14
BRDA:70,11,0,14
BRDA:70,11,1,6
BRF:21
BRH:21
end_of_record
TN:
SF:src/gameinput-models.js
FNF:0
FNH:0
DA:8,2
DA:18,2
DA:29,2
DA:36,2
DA:42,2
DA:52,2
LF:6
LH:6
BRF:0
BRH:0
end_of_record
TN:
SF:src/gameinput-options.js
FNF:0
FNH:0
DA:9,0
LF:1
LH:0
BRF:0
BRH:0
end_of_record
TN:
SF:src/gameinput-player.js
FN:71,(anonymous_0)
FN:83,(anonymous_1)
FN:95,(anonymous_2)
FN:105,(anonymous_3)
FN:113,(anonymous_4)
FN:130,(anonymous_5)
FN:142,(anonymous_6)
FN:154,(anonymous_7)
FN:167,(anonymous_8)
FN:183,(anonymous_9)
FN:198,(anonymous_10)
FN:256,(anonymous_11)
FN:292,(anonymous_12)
FN:316,(anonymous_13)
FNF:14
FNH:0
FNDA:0,(anonymous_0)
FNDA:0,(anonymous_1)
FNDA:0,(anonymous_2)
FNDA:0,(anonymous_3)
FNDA:0,(anonymous_4)
FNDA:0,(anonymous_5)
FNDA:0,(anonymous_6)
FNDA:0,(anonymous_7)
FNDA:0,(anonymous_8)
FNDA:0,(anonymous_9)
FNDA:0,(anonymous_10)
FNDA:0,(anonymous_11)
FNDA:0,(anonymous_12)
FNDA:0,(anonymous_13)
DA:21,0
DA:26,0
DA:31,0
DA:37,0
DA:47,0
DA:58,0
DA:64,0
DA:72,0
DA:73,0
DA:74,0
DA:76,0
DA:77,0
DA:78,0
DA:79,0
DA:84,0
DA:85,0
DA:86,0
DA:87,0
DA:88,0
DA:96,0
DA:97,0
DA:98,0
DA:106,0
DA:114,0
DA:131,0
DA:132,0
DA:134,0
DA:143,0
DA:144,0
DA:145,0
DA:146,0
DA:155,0
DA:156,0
DA:157,0
DA:158,0
DA:168,0
DA:169,0
DA:171,0
DA:172,0
DA:174,0
DA:184,0
DA:185,0
DA:187,0
DA:188,0
DA:190,0
DA:199,0
DA:200,0
DA:202,0
DA:204,0
DA:205,0
DA:206,0
DA:207,0
DA:209,0
DA:212,0
DA:215,0
DA:216,0
DA:217,0
DA:218,0
DA:220,0
DA:223,0
DA:226,0
DA:227,0
DA:228,0
DA:229,0
DA:231,0
DA:234,0
DA:237,0
DA:238,0
DA:239,0
DA:240,0
DA:242,0
DA:245,0
DA:248,0
DA:257,0
DA:258,0
DA:260,0
DA:261,0
DA:262,0
DA:263,0
DA:264,0
DA:269,0
DA:270,0
DA:272,0
DA:284,0
DA:293,0
DA:294,0
DA:296,0
DA:298,0
DA:299,0
DA:300,0
DA:301,0
DA:306,0
DA:317,0
DA:318,0
DA:321,0
DA:323,0
DA:324,0
DA:326,0
DA:328,0
DA:330,0
DA:332,0
DA:334,0
DA:336,0
DA:338,0
LF:104
LH:0
BRDA:130,0,0,0
BRDA:134,1,0,0
BRDA:134,1,1,0
BRDA:145,2,0,0
BRDA:145,2,1,0
BRDA:157,3,0,0
BRDA:157,3,1,0
BRDA:168,4,0,0
BRDA:168,4,1,0
BRDA:171,5,0,0
BRDA:171,5,1,0
BRDA:184,6,0,0
BRDA:184,6,1,0
BRDA:187,7,0,0
BRDA:187,7,1,0
BRDA:199,8,0,0
BRDA:199,8,1,0
BRDA:199,9,0,0
BRDA:199,9,1,0
BRDA:205,10,0,0
BRDA:205,10,1,0
BRDA:206,11,0,0
BRDA:206,11,1,0
BRDA:207,12,0,0
BRDA:207,12,1,0
BRDA:209,13,0,0
BRDA:209,13,1,0
BRDA:216,14,0,0
BRDA:216,14,1,0
BRDA:217,15,0,0
BRDA:217,15,1,0
BRDA:218,16,0,0
BRDA:218,16,1,0
BRDA:220,17,0,0
BRDA:220,17,1,0
BRDA:227,18,0,0
BRDA:227,18,1,0
BRDA:228,19,0,0
BRDA:228,19,1,0
BRDA:229,20,0,0
BRDA:229,20,1,0
BRDA:231,21,0,0
BRDA:231,21,1,0
BRDA:238,22,0,0
BRDA:238,22,1,0
BRDA:239,23,0,0
BRDA:239,23,1,0
BRDA:240,24,0,0
BRDA:240,24,1,0
BRDA:242,25,0,0
BRDA:242,25,1,0
BRDA:262,26,0,0
BRDA:262,26,1,0
BRDA:263,27,0,0
BRDA:263,27,1,0
BRDA:269,28,0,0
BRDA:269,28,1,0
BRDA:293,29,0,0
BRDA:293,29,1,0
BRDA:293,30,0,0
BRDA:293,30,1,0
BRDA:298,31,0,0
BRDA:298,31,1,0
BRDA:299,32,0,0
BRDA:299,32,1,0
BRDA:300,33,0,0
BRDA:300,33,1,0
BRDA:316,34,0,0
BRDA:317,35,0,0
BRDA:317,35,1,0
BRDA:323,36,0,0
BRDA:323,36,1,0
BRDA:326,37,0,0
BRDA:326,37,1,0
BRDA:326,37,2,0
BRDA:326,37,3,0
BRDA:326,37,4,0
BRDA:326,37,5,0
BRF:78
BRH:0
end_of_record
TN:
SF:src/gameinput-schema.js
FN:55,OrdinalButtonName
FN:419,(anonymous_1)
FN:430,(anonymous_2)
FN:439,(anonymous_3)
FNF:4
FNH:1
FNDA:0,OrdinalButtonName
FNDA:24,(anonymous_1)
FNDA:0,(anonymous_2)
FNDA:0,(anonymous_3)
DA:56,0
DA:57,0
DA:58,0
DA:59,0
DA:60,0
DA:61,0
DA:69,3
DA:83,3
DA:143,3
DA:187,3
DA:207,3
DA:231,3
DA:255,3
DA:279,3
DA:303,3
DA:327,3
DA:367,3
DA:405,24
DA:411,24
DA:420,24
DA:421,24
DA:422,24
DA:431,0
DA:440,0
LF:24
LH:16
BRDA:56,0,0,0
BRDA:56,0,1,0
BRDA:56,0,2,0
BRDA:56,0,3,0
BRDA:56,0,4,0
BRDA:57,1,0,0
BRDA:57,1,1,0
BRDA:58,2,0,0
BRDA:58,2,1,0
BRDA:59,3,0,0
BRDA:59,3,1,0
BRDA:60,4,0,0
BRDA:60,4,1,0
BRDA:328,5,0,0
BRDA:328,5,1,3
BRF:15
BRH:1
end_of_record
TN:
SF:src/gameinput-state.js
FN:27,(anonymous_0)
FN:50,(anonymous_1)
FN:74,(anonymous_2)
FN:100,(anonymous_3)
FN:122,(anonymous_4)
FN:133,(anonymous_5)
FN:151,(anonymous_6)
FN:209,(anonymous_7)
FN:244,(anonymous_8)
FNF:9
FNH:0
FNDA:0,(anonymous_0)
FNDA:0,(anonymous_1)
FNDA:0,(anonymous_2)
FNDA:0,(anonymous_3)
FNDA:0,(anonymous_4)
FNDA:0,(anonymous_5)
FNDA:0,(anonymous_6)
FNDA:0,(anonymous_7)
FNDA:0,(anonymous_8)
DA:28,0
DA:51,0
DA:52,0
DA:75,0
DA:76,0
DA:101,0
DA:102,0
DA:103,0
DA:124,0
DA:125,0
DA:134,0
DA:152,0
DA:218,0
DA:219,0
DA:220,0
DA:221,0
DA:222,0
DA:223,0
DA:224,0
DA:245,0
DA:246,0
DA:247,0
DA:248,0
DA:249,0
LF:24
LH:0
BRDA:50,0,0,0
BRDA:50,1,0,0
BRDA:74,2,0,0
BRDA:74,3,0,0
BRDA:100,4,0,0
BRDA:100,5,0,0
BRDA:100,6,0,0
BRDA:100,7,0,0
BRDA:122,8,0,0
BRDA:122,9,0,0
BRDA:122,10,0,0
BRDA:122,11,0,0
BRDA:123,12,0,0
BRDA:210,13,0,0
BRDA:211,14,0,0
BRDA:212,15,0,0
BRDA:213,16,0,0
BRDA:214,17,0,0
BRDA:215,18,0,0
BRDA:216,19,0,0
BRDA:244,20,0,0
BRDA:244,21,0,0
BRDA:246,22,0,0
BRDA:246,22,1,0
BRF:24
BRH:0
end_of_record
TN:
SF:src/gameinput.js
FN:79,(anonymous_0)
FN:87,(anonymous_1)
FN:173,(anonymous_2)
FN:186,(anonymous_3)
FN:193,(anonymous_4)
FN:206,(anonymous_5)
FN:218,(anonymous_6)
FN:230,(anonymous_7)
FN:244,(anonymous_8)
FN:258,(anonymous_9)
FN:270,(anonymous_10)
FN:281,(anonymous_11)
FN:290,(anonymous_12)
FN:298,(anonymous_13)
FN:310,(anonymous_14)
FN:316,(anonymous_15)
FN:381,(anonymous_16)
FN:388,(anonymous_17)
FN:399,(anonymous_18)
FN:405,(anonymous_19)
FN:486,(anonymous_20)
FN:486,(anonymous_21)
FNF:22
FNH:0
FNDA:0,(anonymous_0)
FNDA:0,(anonymous_1)
FNDA:0,(anonymous_2)
FNDA:0,(anonymous_3)
FNDA:0,(anonymous_4)
FNDA:0,(anonymous_5)
FNDA:0,(anonymous_6)
FNDA:0,(anonymous_7)
FNDA:0,(anonymous_8)
FNDA:0,(anonymous_9)
FNDA:0,(anonymous_10)
FNDA:0,(anonymous_11)
FNDA:0,(anonymous_12)
FNDA:0,(anonymous_13)
FNDA:0,(anonymous_14)
FNDA:0,(anonymous_15)
FNDA:0,(anonymous_16)
FNDA:0,(anonymous_17)
FNDA:0,(anonymous_18)
FNDA:0,(anonymous_19)
FNDA:0,(anonymous_20)
FNDA:0,(anonymous_21)
DA:26,1
DA:80,0
DA:88,0
DA:95,0
DA:105,0
DA:126,0
DA:132,0
DA:138,0
DA:149,0
DA:155,0
DA:161,0
DA:167,0
DA:174,0
DA:176,0
DA:179,0
DA:180,0
DA:181,0
DA:182,0
DA:184,0
DA:186,0
DA:187,0
DA:188,0
DA:193,0
DA:194,0
DA:195,0
DA:207,0
DA:208,0
DA:209,0
DA:210,0
DA:219,0
DA:220,0
DA:221,0
DA:222,0
DA:231,0
DA:232,0
DA:233,0
DA:234,0
DA:245,0
DA:246,0
DA:247,0
DA:248,0
DA:259,0
DA:260,0
DA:261,0
DA:262,0
DA:271,0
DA:272,0
DA:273,0
DA:282,0
DA:283,0
DA:284,0
DA:291,0
DA:292,0
DA:299,0
DA:306,0
DA:307,0
DA:309,0
DA:310,0
DA:317,0
DA:318,0
DA:320,0
DA:322,0
DA:323,0
DA:324,0
DA:326,0
DA:328,0
DA:329,0
DA:331,0
DA:332,0
DA:334,0
DA:335,0
DA:338,0
DA:339,0
DA:341,0
DA:343,0
DA:344,0
DA:345,0
DA:347,0
DA:348,0
DA:355,0
DA:356,0
DA:357,0
DA:358,0
DA:359,0
DA:360,0
DA:363,0
DA:366,0
DA:367,0
DA:370,0
DA:382,0
DA:389,0
DA:391,0
DA:392,0
DA:393,0
DA:395,0
DA:396,0
DA:399,0
DA:407,0
DA:408,0
DA:410,0
DA:411,0
DA:413,0
DA:414,0
DA:415,0
DA:417,0
DA:418,0
DA:419,0
DA:422,0
DA:423,0
DA:424,0
DA:426,0
DA:427,0
DA:429,0
DA:433,0
DA:434,0
DA:435,0
DA:436,0
DA:437,0
DA:438,0
DA:444,0
DA:445,0
DA:446,0
DA:447,0
DA:448,0
DA:449,0
DA:451,0
DA:456,0
DA:457,0
DA:458,0
DA:459,0
DA:461,0
DA:465,0
DA:467,0
DA:468,0
DA:474,0
DA:477,0
DA:480,0
DA:481,0
DA:485,0
DA:486,0
LF:140
LH:1
BRDA:173,0,0,0
BRDA:174,1,0,0
BRDA:174,1,1,0
BRDA:179,2,0,0
BRDA:179,2,1,0
BRDA:180,3,0,0
BRDA:180,3,1,0
BRDA:187,4,0,0
BRDA:187,4,1,0
BRDA:194,5,0,0
BRDA:194,5,1,0
BRDA:207,6,0,0
BRDA:207,6,1,0
BRDA:219,7,0,0
BRDA:219,7,1,0
BRDA:231,8,0,0
BRDA:231,8,1,0
BRDA:246,9,0,0
BRDA:246,9,1,0
BRDA:260,10,0,0
BRDA:260,10,1,0
BRDA:271,11,0,0
BRDA:271,11,1,0
BRDA:271,12,0,0
BRDA:271,12,1,0
BRDA:282,13,0,0
BRDA:282,13,1,0
BRDA:282,14,0,0
BRDA:282,14,1,0
BRDA:306,15,0,0
BRDA:306,15,1,0
BRDA:317,16,0,0
BRDA:317,16,1,0
BRDA:328,17,0,0
BRDA:328,17,1,0
BRDA:328,18,0,0
BRDA:328,18,1,0
BRDA:328,18,2,0
BRDA:335,19,0,0
BRDA:335,19,1,0
BRDA:338,20,0,0
BRDA:338,20,1,0
BRDA:343,21,0,0
BRDA:343,21,1,0
BRDA:343,22,0,0
BRDA:343,22,1,0
BRDA:347,23,0,0
BRDA:347,23,1,0
BRDA:348,24,0,0
BRDA:348,24,1,0
BRDA:358,25,0,0
BRDA:358,25,1,0
BRDA:363,26,0,0
BRDA:363,26,1,0
BRDA:363,27,0,0
BRDA:363,27,1,0
BRDA:367,28,0,0
BRDA:367,28,1,0
BRDA:367,29,0,0
BRDA:367,29,1,0
BRDA:391,30,0,0
BRDA:391,30,1,0
BRDA:392,31,0,0
BRDA:392,31,1,0
BRDA:410,32,0,0
BRDA:410,32,1,0
BRDA:414,33,0,0
BRDA:414,33,1,0
BRDA:418,34,0,0
BRDA:418,34,1,0
BRDA:423,35,0,0
BRDA:423,35,1,0
BRDA:423,36,0,0
BRDA:423,36,1,0
BRDA:426,37,0,0
BRDA:426,37,1,0
BRDA:433,38,0,0
BRDA:433,38,1,0
BRDA:435,39,0,0
BRDA:435,39,1,0
BRDA:437,40,0,0
BRDA:437,40,1,0
BRDA:444,41,0,0
BRDA:444,41,1,0
BRDA:446,42,0,0
BRDA:446,42,1,0
BRDA:448,43,0,0
BRDA:448,43,1,0
BRDA:456,44,0,0
BRDA:456,44,1,0
BRDA:456,45,0,0
BRDA:456,45,1,0
BRDA:457,46,0,0
BRDA:457,46,1,0
BRDA:458,47,0,0
BRDA:458,47,1,0
BRDA:467,48,0,0
BRDA:467,48,1,0
BRDA:480,49,0,0
BRDA:480,49,1,0
BRF:100
BRH:0
end_of_record
TN:
SF:src/gamepad-mapping.js
FN:26,(anonymous_0)
FN:53,(anonymous_1)
FN:101,(anonymous_2)
FN:125,(anonymous_3)
FN:146,(anonymous_4)
FN:157,(anonymous_5)
FN:182,(anonymous_6)
FN:244,(anonymous_7)
FN:271,(anonymous_8)
FNF:9
FNH:8
FNDA:462,(anonymous_0)
FNDA:62,(anonymous_1)
FNDA:339,(anonymous_2)
FNDA:161,(anonymous_3)
FNDA:103,(anonymous_4)
FNDA:12,(anonymous_5)
FNDA:0,(anonymous_6)
FNDA:151,(anonymous_7)
FNDA:148,(anonymous_8)
DA:27,462
DA:28,462
DA:54,62
DA:55,62
DA:67,4
DA:75,4
DA:102,339
DA:103,339
DA:104,339
DA:126,161
DA:127,161
DA:148,103
DA:149,103
DA:158,12
DA:159,12
DA:160,3
DA:161,3
DA:162,3
DA:163,3
DA:164,0
DA:183,0
DA:245,151
DA:246,151
DA:247,151
DA:248,151
DA:249,151
DA:250,151
DA:251,151
DA:272,148
DA:273,148
DA:274,0
DA:275,148
DA:276,148
LF:33
LH:30
BRDA:26,0,0,14
BRDA:26,1,0,14
BRDA:53,2,0,0
BRDA:53,3,0,25
BRDA:75,4,0,4
BRDA:75,4,1,4
BRDA:101,5,0,14
BRDA:101,6,0,14
BRDA:101,7,0,10
BRDA:101,8,0,10
BRDA:125,9,0,10
BRDA:125,10,0,10
BRDA:125,11,0,10
BRDA:125,12,0,10
BRDA:125,13,0,41
BRDA:146,14,0,4
BRDA:146,15,0,4
BRDA:146,16,0,0
BRDA:146,17,0,0
BRDA:147,18,0,74
BRDA:159,19,0,3
BRDA:159,19,1,3
BRDA:159,19,2,3
BRDA:159,19,3,3
BRDA:159,19,4,0
BRDA:160,20,0,2
BRDA:160,20,1,1
BRDA:161,21,0,2
BRDA:161,21,1,1
BRDA:162,22,0,2
BRDA:162,22,1,1
BRDA:163,23,0,2
BRDA:163,23,1,1
BRDA:244,24,0,148
BRDA:244,25,0,148
BRDA:244,26,0,148
BRDA:244,27,0,148
BRDA:244,28,0,148
BRDA:244,29,0,148
BRDA:244,30,0,148
BRDA:271,31,0,0
BRDA:271,32,0,148
BRDA:273,33,0,0
BRDA:273,33,1,148
BRF:44
BRH:38
end_of_record
TN:
SF:src/os-detect.js
FNF:0
FNH:0
DA:14,1
DA:23,1
DA:24,5
DA:25,0
DA:31,1
LF:5
LH:4
BRDA:24,0,0,0
BRDA:24,0,1,5
BRDA:31,1,0,1
BRDA:31,1,1,1
BRF:4
BRH:3
end_of_record
TN:
SF:src/standard-gamepad-mapping.js
FNF:0
FNH:0
DA:4,3
DA:5,3
DA:6,3
DA:7,3
DA:8,3
DA:9,3
DA:10,3
DA:17,3
DA:28,3
DA:41,3
DA:44,3
DA:46,3
DA:52,3
DA:72,3
LF:14
LH:14
BRF:0
BRH:0
end_of_record
TN:
SF:src/vector2.js
FN:10,(anonymous_0)
FN:20,(anonymous_1)
FN:29,(anonymous_2)
FN:38,(anonymous_3)
FN:47,(anonymous_4)
FN:56,(anonymous_5)
FN:65,(anonymous_6)
FN:75,(anonymous_7)
FN:85,(anonymous_8)
FN:93,(anonymous_9)
FN:102,(anonymous_10)
FN:111,(anonymous_11)
FN:121,(anonymous_12)
FN:138,(anonymous_13)
FN:147,(anonymous_14)
FN:161,(anonymous_15)
FN:172,(anonymous_16)
FNF:17
FNH:0
FNDA:0,(anonymous_0)
FNDA:0,(anonymous_1)
FNDA:0,(anonymous_2)
FNDA:0,(anonymous_3)
FNDA:0,(anonymous_4)
FNDA:0,(anonymous_5)
FNDA:0,(anonymous_6)
FNDA:0,(anonymous_7)
FNDA:0,(anonymous_8)
FNDA:0,(anonymous_9)
FNDA:0,(anonymous_10)
FNDA:0,(anonymous_11)
FNDA:0,(anonymous_12)
FNDA:0,(anonymous_13)
FNDA:0,(anonymous_14)
FNDA:0,(anonymous_15)
FNDA:0,(anonymous_16)
DA:11,0
DA:12,0
DA:21,0
DA:22,0
DA:30,0
DA:39,0
DA:48,0
DA:57,0
DA:66,0
DA:76,0
DA:77,0
DA:78,0
DA:86,0
DA:94,0
DA:103,0
DA:112,0
DA:113,0
DA:114,0
DA:122,0
DA:123,0
DA:124,0
DA:125,0
DA:126,0
DA:128,0
DA:129,0
DA:131,0
DA:139,0
DA:148,0
DA:149,0
DA:150,0
DA:151,0
DA:152,0
DA:153,0
DA:162,0
DA:163,0
DA:164,0
DA:165,0
DA:173,0
DA:174,0
LF:39
LH:0
BRDA:10,0,0,0
BRDA:10,1,0,0
BRDA:21,2,0,0
BRDA:21,2,1,0
BRDA:22,3,0,0
BRDA:22,3,1,0
BRDA:124,4,0,0
BRDA:124,4,1,0
BRF:8
BRH:0
end_of_record
